Started GET "/" for 127.0.0.1 at 2021-01-09 11:35:24 -0500
  [1m[35m (2.3ms)[0m  [1m[34mSELECT sqlite_version(*)[0m
Processing by Rails::WelcomeController#index as HTML
  Rendering /Users/noahchristian/.rvm/gems/ruby-3.0.0/gems/railties-6.1.1/lib/rails/templates/rails/welcome/index.html.erb
  Rendered /Users/noahchristian/.rvm/gems/ruby-3.0.0/gems/railties-6.1.1/lib/rails/templates/rails/welcome/index.html.erb (Duration: 15.7ms | Allocations: 521)
Completed 200 OK in 48ms (Views: 23.5ms | ActiveRecord: 0.0ms | Allocations: 4395)


Started GET "/" for 127.0.0.1 at 2021-01-09 11:37:06 -0500
  [1m[35m (0.4ms)[0m  [1m[34mSELECT sqlite_version(*)[0m
Processing by Rails::WelcomeController#index as HTML
  Rendering /Users/noahchristian/.rvm/gems/ruby-3.0.0/gems/railties-6.1.1/lib/rails/templates/rails/welcome/index.html.erb
  Rendered /Users/noahchristian/.rvm/gems/ruby-3.0.0/gems/railties-6.1.1/lib/rails/templates/rails/welcome/index.html.erb (Duration: 9.2ms | Allocations: 415)
Completed 200 OK in 19ms (Views: 12.4ms | ActiveRecord: 0.0ms | Allocations: 3070)


Started GET "/" for 127.0.0.1 at 2021-01-09 11:42:07 -0500
Processing by Rails::WelcomeController#index as HTML
  Rendering /Users/noahchristian/.rvm/gems/ruby-3.0.0/gems/railties-6.1.1/lib/rails/templates/rails/welcome/index.html.erb
  Rendered /Users/noahchristian/.rvm/gems/ruby-3.0.0/gems/railties-6.1.1/lib/rails/templates/rails/welcome/index.html.erb (Duration: 20.8ms | Allocations: 219)
Completed 200 OK in 24ms (Views: 22.3ms | ActiveRecord: 0.0ms | Allocations: 951)


Started GET "/" for 127.0.0.1 at 2021-01-09 11:44:40 -0500
  [1m[35m (9.5ms)[0m  [1m[34mSELECT sqlite_version(*)[0m
Processing by Rails::WelcomeController#index as HTML
  Rendering /Users/noahchristian/.rvm/gems/ruby-3.0.0/gems/railties-6.1.1/lib/rails/templates/rails/welcome/index.html.erb
  Rendered /Users/noahchristian/.rvm/gems/ruby-3.0.0/gems/railties-6.1.1/lib/rails/templates/rails/welcome/index.html.erb (Duration: 20.9ms | Allocations: 415)
Completed 200 OK in 34ms (Views: 24.4ms | ActiveRecord: 0.0ms | Allocations: 3070)


Started GET "/" for 127.0.0.1 at 2021-01-09 11:47:05 -0500
  [1m[35m (1.6ms)[0m  [1m[34mSELECT sqlite_version(*)[0m
Processing by Rails::WelcomeController#index as HTML
  Rendering /Users/noahchristian/.rvm/gems/ruby-3.0.0/gems/railties-6.1.1/lib/rails/templates/rails/welcome/index.html.erb
  Rendered /Users/noahchristian/.rvm/gems/ruby-3.0.0/gems/railties-6.1.1/lib/rails/templates/rails/welcome/index.html.erb (Duration: 9.4ms | Allocations: 415)
Completed 200 OK in 24ms (Views: 12.3ms | ActiveRecord: 0.0ms | Allocations: 3071)


Started GET "/" for 127.0.0.1 at 2021-01-09 12:17:31 -0500
Processing by Rails::WelcomeController#index as HTML
  Rendering /Users/noahchristian/.rvm/gems/ruby-3.0.0/gems/railties-6.1.1/lib/rails/templates/rails/welcome/index.html.erb
  Rendered /Users/noahchristian/.rvm/gems/ruby-3.0.0/gems/railties-6.1.1/lib/rails/templates/rails/welcome/index.html.erb (Duration: 53.1ms | Allocations: 219)
Completed 200 OK in 79ms (Views: 65.6ms | Allocations: 948)


Started GET "/" for 127.0.0.1 at 2021-01-09 12:17:37 -0500
Processing by Rails::WelcomeController#index as HTML
  Rendering /Users/noahchristian/.rvm/gems/ruby-3.0.0/gems/railties-6.1.1/lib/rails/templates/rails/welcome/index.html.erb
  Rendered /Users/noahchristian/.rvm/gems/ruby-3.0.0/gems/railties-6.1.1/lib/rails/templates/rails/welcome/index.html.erb (Duration: 5.5ms | Allocations: 219)
Completed 200 OK in 7ms (Views: 6.4ms | Allocations: 948)


Started GET "/" for 127.0.0.1 at 2021-01-09 12:17:48 -0500
Processing by Rails::WelcomeController#index as HTML
  Rendering /Users/noahchristian/.rvm/gems/ruby-3.0.0/gems/railties-6.1.1/lib/rails/templates/rails/welcome/index.html.erb
  Rendered /Users/noahchristian/.rvm/gems/ruby-3.0.0/gems/railties-6.1.1/lib/rails/templates/rails/welcome/index.html.erb (Duration: 6.7ms | Allocations: 221)
Completed 200 OK in 11ms (Views: 8.9ms | Allocations: 946)


Started GET "/" for 127.0.0.1 at 2021-01-09 12:29:12 -0500
Processing by Rails::WelcomeController#index as HTML
  Rendering /Users/noahchristian/.rvm/gems/ruby-3.0.0/gems/railties-6.1.1/lib/rails/templates/rails/welcome/index.html.erb
  Rendered /Users/noahchristian/.rvm/gems/ruby-3.0.0/gems/railties-6.1.1/lib/rails/templates/rails/welcome/index.html.erb (Duration: 12.5ms | Allocations: 218)
Completed 200 OK in 17ms (Views: 13.4ms | Allocations: 940)


Started GET "/" for 127.0.0.1 at 2021-01-09 12:29:13 -0500
Processing by Rails::WelcomeController#index as HTML
  Rendering /Users/noahchristian/.rvm/gems/ruby-3.0.0/gems/railties-6.1.1/lib/rails/templates/rails/welcome/index.html.erb
  Rendered /Users/noahchristian/.rvm/gems/ruby-3.0.0/gems/railties-6.1.1/lib/rails/templates/rails/welcome/index.html.erb (Duration: 0.3ms | Allocations: 46)
Completed 200 OK in 1ms (Views: 0.6ms | Allocations: 409)


Started GET "/" for 127.0.0.1 at 2021-01-09 12:32:49 -0500
Processing by Rails::WelcomeController#index as HTML
  Rendering /Users/noahchristian/.rvm/gems/ruby-3.0.0/gems/railties-6.1.1/lib/rails/templates/rails/welcome/index.html.erb
  Rendered /Users/noahchristian/.rvm/gems/ruby-3.0.0/gems/railties-6.1.1/lib/rails/templates/rails/welcome/index.html.erb (Duration: 14.5ms | Allocations: 219)
Completed 200 OK in 17ms (Views: 15.7ms | Allocations: 944)


Started GET "/" for 127.0.0.1 at 2021-01-09 12:32:50 -0500
Processing by Rails::WelcomeController#index as HTML
  Rendering /Users/noahchristian/.rvm/gems/ruby-3.0.0/gems/railties-6.1.1/lib/rails/templates/rails/welcome/index.html.erb
  Rendered /Users/noahchristian/.rvm/gems/ruby-3.0.0/gems/railties-6.1.1/lib/rails/templates/rails/welcome/index.html.erb (Duration: 0.6ms | Allocations: 46)
Completed 200 OK in 2ms (Views: 1.0ms | Allocations: 408)


Started GET "/" for 127.0.0.1 at 2021-01-09 12:33:16 -0500
  [1m[35m (1.7ms)[0m  [1m[34mSELECT sqlite_version(*)[0m
Processing by Rails::WelcomeController#index as HTML
  Rendering /Users/noahchristian/.rvm/gems/ruby-3.0.0/gems/railties-6.1.1/lib/rails/templates/rails/welcome/index.html.erb
  Rendered /Users/noahchristian/.rvm/gems/ruby-3.0.0/gems/railties-6.1.1/lib/rails/templates/rails/welcome/index.html.erb (Duration: 12.6ms | Allocations: 415)
Completed 200 OK in 25ms (Views: 16.1ms | ActiveRecord: 0.0ms | Allocations: 3076)


Started GET "/" for 127.0.0.1 at 2021-01-09 12:36:57 -0500
Processing by Rails::WelcomeController#index as HTML
  Rendering /Users/noahchristian/.rvm/gems/ruby-3.0.0/gems/railties-6.1.1/lib/rails/templates/rails/welcome/index.html.erb
  Rendered /Users/noahchristian/.rvm/gems/ruby-3.0.0/gems/railties-6.1.1/lib/rails/templates/rails/welcome/index.html.erb (Duration: 13.6ms | Allocations: 219)
Completed 200 OK in 20ms (Views: 15.1ms | ActiveRecord: 0.0ms | Allocations: 951)


Started GET "/" for 127.0.0.1 at 2021-01-09 12:53:41 -0500
Processing by Rails::WelcomeController#index as HTML
  Rendering /Users/noahchristian/.rvm/gems/ruby-3.0.0/gems/railties-6.1.1/lib/rails/templates/rails/welcome/index.html.erb
  Rendered /Users/noahchristian/.rvm/gems/ruby-3.0.0/gems/railties-6.1.1/lib/rails/templates/rails/welcome/index.html.erb (Duration: 36.5ms | Allocations: 219)
Completed 200 OK in 41ms (Views: 38.2ms | Allocations: 946)


Started GET "/users/new" for 127.0.0.1 at 2021-01-09 12:53:46 -0500
  
ActionController::RoutingError (No route matches [GET] "/users/new"):
  
Started GET "/sign_up" for 127.0.0.1 at 2021-01-09 12:54:02 -0500
  
ActionController::RoutingError (No route matches [GET] "/sign_up"):
  
Started GET "/signup" for 127.0.0.1 at 2021-01-09 12:54:08 -0500
Processing by UsersController#new as HTML
  Rendering layout layouts/application.html.erb
  Rendering users/new.html.erb within layouts/application
  Rendered users/new.html.erb within layouts/application (Duration: 0.9ms | Allocations: 109)
  Rendered layout layouts/application.html.erb (Duration: 10.9ms | Allocations: 4121)
Completed 500 Internal Server Error in 17ms (Allocations: 5309)


  
ActionView::Template::Error (undefined method `full_title' for #<ActionView::Base:0x000000000097b8>):
    1: <!DOCTYPE html>
    2: <html>
    3:   <head>
    4:     <title><%= full_title(yield(:title)) %></title>
    5:     <meta charset="utf-8">
    6:     <%= render 'layouts/rails_default' %>
    7:     <%= render 'layouts/shim' %>
  
app/views/layouts/application.html.erb:4
Started GET "/signup" for 127.0.0.1 at 2021-01-09 12:56:31 -0500
Processing by UsersController#new as HTML
  Rendering layout layouts/application.html.erb
  Rendering users/new.html.erb within layouts/application
  Rendered users/new.html.erb within layouts/application (Duration: 0.1ms | Allocations: 40)
  Rendered layout layouts/application.html.erb (Duration: 2.3ms | Allocations: 1366)
Completed 500 Internal Server Error in 5ms (Allocations: 1908)


  
ActionView::Template::Error (Missing partial layouts/_rails_default with {:locale=>[:en], :formats=>[:html], :variants=>[], :handlers=>[:raw, :erb, :html, :builder, :ruby, :jbuilder]}. Searched in:
  * "/Users/noahchristian/Documents/final_app/picture_app/app/views"
  * "/Users/noahchristian/.rvm/gems/ruby-3.0.0/gems/actiontext-6.1.1/app/views"
  * "/Users/noahchristian/.rvm/gems/ruby-3.0.0/gems/actionmailbox-6.1.1/app/views"
):
    3:   <head>
    4:     <title><%= full_title(yield(:title)) %></title>
    5:     <meta charset="utf-8">
    6:     <%= render 'layouts/rails_default' %>
    7:     <%= render 'layouts/shim' %>
    8:   </head>
    9:   <body>
  
app/views/layouts/application.html.erb:6
Started GET "/signup" for 127.0.0.1 at 2021-01-09 12:59:30 -0500
Processing by UsersController#new as HTML
  Rendering layout layouts/application.html.erb
  Rendering users/new.html.erb within layouts/application
  Rendered users/new.html.erb within layouts/application (Duration: 2.0ms | Allocations: 111)
[Webpacker] Compiling...
[Webpacker] Compiled all packs in /Users/noahchristian/Documents/final_app/picture_app/public/packs
[Webpacker] Hash: 415a948d492e21802f43
Version: webpack 4.45.0
Time: 1959ms
Built at: 01/09/2021 12:59:38 PM
                                     Asset       Size       Chunks                         Chunk Names
    js/application-d5a3c3b4dce84b5eb605.js    125 KiB  application  [emitted] [immutable]  application
js/application-d5a3c3b4dce84b5eb605.js.map    139 KiB  application  [emitted] [dev]        application
                             manifest.json  364 bytes               [emitted]              
Entrypoint application = js/application-d5a3c3b4dce84b5eb605.js js/application-d5a3c3b4dce84b5eb605.js.map
[./app/javascript/channels sync recursive _channel\.js$] ./app/javascript/channels sync _channel\.js$ 160 bytes {application} [built]
[./app/javascript/channels/index.js] 211 bytes {application} [built]
[./app/javascript/packs/application.js] 492 bytes {application} [built]
[./node_modules/webpack/buildin/module.js] (webpack)/buildin/module.js 552 bytes {application} [built]
    + 3 hidden modules

  Rendered layout layouts/application.html.erb (Duration: 7496.6ms | Allocations: 135436)
Completed 500 Internal Server Error in 7501ms (Allocations: 136554)


  
ActionView::Template::Error (Missing partial layouts/_shim with {:locale=>[:en], :formats=>[:html], :variants=>[], :handlers=>[:raw, :erb, :html, :builder, :ruby, :jbuilder]}. Searched in:
  * "/Users/noahchristian/Documents/final_app/picture_app/app/views"
  * "/Users/noahchristian/.rvm/gems/ruby-3.0.0/gems/actiontext-6.1.1/app/views"
  * "/Users/noahchristian/.rvm/gems/ruby-3.0.0/gems/actionmailbox-6.1.1/app/views"
):
     8:     <%= stylesheet_link_tag 'application', media: 'all',
     9:     'data-turbolinks-track': 'reload' %>
    10:     <%= javascript_pack_tag 'application', 'data-turbolinks-track': 'reload' %>
    11:     <%= render 'layouts/shim' %>
    12:   </head>
    13:   <body>
    14:     <%= render 'layouts/header' %>
  
app/views/layouts/application.html.erb:11
Started GET "/signup" for 127.0.0.1 at 2021-01-09 12:59:58 -0500
Processing by UsersController#new as HTML
  Rendering layout layouts/application.html.erb
  Rendering users/new.html.erb within layouts/application
  Rendered users/new.html.erb within layouts/application (Duration: 0.3ms | Allocations: 111)
[Webpacker] Everything's up-to-date. Nothing to do
  Rendered layouts/_header.html.erb (Duration: 1.8ms | Allocations: 251)
  Rendered layouts/_footer.html.erb (Duration: 0.6ms | Allocations: 175)
  Rendered layout layouts/application.html.erb (Duration: 18.7ms | Allocations: 8315)
Completed 200 OK in 24ms (Views: 22.6ms | Allocations: 9471)


Started GET "/signup" for 127.0.0.1 at 2021-01-09 13:01:32 -0500
Processing by UsersController#new as HTML
  Rendering layout layouts/application.html.erb
  Rendering users/new.html.erb within layouts/application
  Rendered users/new.html.erb within layouts/application (Duration: 0.6ms | Allocations: 108)
[Webpacker] Everything's up-to-date. Nothing to do
  Rendered layouts/_header.html.erb (Duration: 1.1ms | Allocations: 242)
  Rendered layouts/_footer.html.erb (Duration: 0.8ms | Allocations: 169)
  Rendered layout layouts/application.html.erb (Duration: 31.2ms | Allocations: 8156)
Completed 200 OK in 35ms (Views: 33.5ms | Allocations: 9387)


Started GET "/signup" for 127.0.0.1 at 2021-01-09 13:02:30 -0500
Processing by UsersController#new as HTML
  Rendering layout layouts/application.html.erb
  Rendering users/new.html.erb within layouts/application
  Rendered users/new.html.erb within layouts/application (Duration: 0.9ms | Allocations: 108)
[Webpacker] Everything's up-to-date. Nothing to do
  Rendered layouts/_header.html.erb (Duration: 0.8ms | Allocations: 241)
  Rendered layouts/_footer.html.erb (Duration: 0.4ms | Allocations: 172)
  Rendered layout layouts/application.html.erb (Duration: 18.2ms | Allocations: 8158)
Completed 200 OK in 23ms (Views: 22.1ms | Allocations: 9358)


Started GET "/signup" for 127.0.0.1 at 2021-01-09 13:02:46 -0500
Processing by UsersController#new as HTML
  Rendering layout layouts/application.html.erb
  Rendering users/new.html.erb within layouts/application
  Rendered users/new.html.erb within layouts/application (Duration: 0.5ms | Allocations: 109)
[Webpacker] Everything's up-to-date. Nothing to do
  Rendered layouts/_header.html.erb (Duration: 1.1ms | Allocations: 241)
  Rendered layouts/_footer.html.erb (Duration: 0.5ms | Allocations: 172)
  Rendered layout layouts/application.html.erb (Duration: 25.9ms | Allocations: 8158)
Completed 200 OK in 36ms (Views: 34.8ms | Allocations: 9359)


Started GET "/signup" for 127.0.0.1 at 2021-01-09 13:02:48 -0500
Processing by UsersController#new as HTML
  Rendering layout layouts/application.html.erb
  Rendering users/new.html.erb within layouts/application
  Rendered users/new.html.erb within layouts/application (Duration: 0.1ms | Allocations: 38)
[Webpacker] Everything's up-to-date. Nothing to do
  Rendered layouts/_header.html.erb (Duration: 0.1ms | Allocations: 82)
  Rendered layouts/_footer.html.erb (Duration: 0.1ms | Allocations: 57)
  Rendered layout layouts/application.html.erb (Duration: 20.1ms | Allocations: 7368)
Completed 200 OK in 22ms (Views: 21.0ms | Allocations: 7808)


Started GET "/signup" for 127.0.0.1 at 2021-01-09 13:03:22 -0500
Processing by UsersController#new as HTML
  Rendering layout layouts/application.html.erb
  Rendering users/new.html.erb within layouts/application
  Rendered users/new.html.erb within layouts/application (Duration: 0.1ms | Allocations: 38)
[Webpacker] Everything's up-to-date. Nothing to do
  Rendered layouts/_header.html.erb (Duration: 0.2ms | Allocations: 82)
  Rendered layouts/_footer.html.erb (Duration: 0.1ms | Allocations: 57)
  Rendered layout layouts/application.html.erb (Duration: 23.8ms | Allocations: 7338)
Completed 200 OK in 25ms (Views: 24.7ms | Allocations: 7777)


Started GET "/signup" for 127.0.0.1 at 2021-01-09 13:03:26 -0500
Processing by UsersController#new as HTML
  Rendering layout layouts/application.html.erb
  Rendering users/new.html.erb within layouts/application
  Rendered users/new.html.erb within layouts/application (Duration: 0.1ms | Allocations: 38)
[Webpacker] Everything's up-to-date. Nothing to do
  Rendered layouts/_header.html.erb (Duration: 0.2ms | Allocations: 82)
  Rendered layouts/_footer.html.erb (Duration: 0.1ms | Allocations: 57)
  Rendered layout layouts/application.html.erb (Duration: 15.7ms | Allocations: 7266)
Completed 200 OK in 17ms (Views: 16.3ms | Allocations: 7704)


Started GET "/signup" for 127.0.0.1 at 2021-01-09 13:03:37 -0500
Processing by UsersController#new as HTML
  Rendering layout layouts/application.html.erb
  Rendering users/new.html.erb within layouts/application
  Rendered users/new.html.erb within layouts/application (Duration: 0.4ms | Allocations: 113)
[Webpacker] Everything's up-to-date. Nothing to do
  Rendered layouts/_header.html.erb (Duration: 0.4ms | Allocations: 241)
  Rendered layouts/_footer.html.erb (Duration: 0.3ms | Allocations: 172)
  Rendered layout layouts/application.html.erb (Duration: 15.1ms | Allocations: 8165)
Completed 200 OK in 19ms (Views: 17.6ms | Allocations: 9369)


Started GET "/signup" for 127.0.0.1 at 2021-01-09 13:03:42 -0500
Processing by UsersController#new as HTML
  Rendering layout layouts/application.html.erb
  Rendering users/new.html.erb within layouts/application
  Rendered users/new.html.erb within layouts/application (Duration: 0.2ms | Allocations: 38)
[Webpacker] Everything's up-to-date. Nothing to do
  Rendered layouts/_header.html.erb (Duration: 0.2ms | Allocations: 82)
  Rendered layouts/_footer.html.erb (Duration: 0.1ms | Allocations: 57)
  Rendered layout layouts/application.html.erb (Duration: 25.6ms | Allocations: 7266)
Completed 200 OK in 27ms (Views: 26.0ms | Allocations: 7705)


Started GET "/signup" for 127.0.0.1 at 2021-01-09 13:04:32 -0500
Processing by UsersController#new as HTML
  Rendering layout layouts/application.html.erb
  Rendering users/new.html.erb within layouts/application
  Rendered users/new.html.erb within layouts/application (Duration: 0.4ms | Allocations: 109)
[Webpacker] Everything's up-to-date. Nothing to do
  Rendered layouts/_header.html.erb (Duration: 0.6ms | Allocations: 241)
  Rendered layouts/_footer.html.erb (Duration: 0.3ms | Allocations: 174)
  Rendered layout layouts/application.html.erb (Duration: 15.8ms | Allocations: 8160)
Completed 200 OK in 23ms (Views: 21.2ms | Allocations: 9359)


Started GET "/noah.povis@gmail.com" for 127.0.0.1 at 2021-01-09 13:04:33 -0500
  
ActionController::RoutingError (No route matches [GET] "/noah.povis@gmail.com"):
  
Started GET "/signup" for 127.0.0.1 at 2021-01-09 13:04:36 -0500
Processing by UsersController#new as HTML
  Rendering layout layouts/application.html.erb
  Rendering users/new.html.erb within layouts/application
  Rendered users/new.html.erb within layouts/application (Duration: 0.1ms | Allocations: 38)
[Webpacker] Everything's up-to-date. Nothing to do
  Rendered layouts/_header.html.erb (Duration: 0.1ms | Allocations: 82)
  Rendered layouts/_footer.html.erb (Duration: 0.1ms | Allocations: 58)
  Rendered layout layouts/application.html.erb (Duration: 14.9ms | Allocations: 7362)
Completed 200 OK in 16ms (Views: 15.5ms | Allocations: 7801)


  [1m[35m (1.3ms)[0m  [1m[34mSELECT sqlite_version(*)[0m
  [1m[35m (1.8ms)[0m  [1m[35mCREATE TABLE "schema_migrations" ("version" varchar NOT NULL PRIMARY KEY)[0m
  [1m[35m (2.4ms)[0m  [1m[35mCREATE TABLE "ar_internal_metadata" ("key" varchar NOT NULL PRIMARY KEY, "value" varchar, "created_at" datetime(6) NOT NULL, "updated_at" datetime(6) NOT NULL)[0m
  [1m[35m (0.2ms)[0m  [1m[34mSELECT "schema_migrations"."version" FROM "schema_migrations" ORDER BY "schema_migrations"."version" ASC[0m
Migrating to CreateUsers (20210109181049)
  [1m[36mTRANSACTION (0.1ms)[0m  [1m[36mbegin transaction[0m
  [1m[35m (0.4ms)[0m  [1m[35mCREATE TABLE "users" ("id" integer PRIMARY KEY AUTOINCREMENT NOT NULL, "name" varchar, "email" varchar, "created_at" datetime(6) NOT NULL, "updated_at" datetime(6) NOT NULL)[0m
  [1m[36mActiveRecord::SchemaMigration Create (0.1ms)[0m  [1m[32mINSERT INTO "schema_migrations" ("version") VALUES (?)[0m  [["version", "20210109181049"]]
  [1m[36mTRANSACTION (1.2ms)[0m  [1m[36mcommit transaction[0m
  [1m[36mActiveRecord::InternalMetadata Load (0.1ms)[0m  [1m[34mSELECT "ar_internal_metadata".* FROM "ar_internal_metadata" WHERE "ar_internal_metadata"."key" = ? LIMIT ?[0m  [["key", "environment"], ["LIMIT", 1]]
  [1m[36mTRANSACTION (0.5ms)[0m  [1m[36mbegin transaction[0m
  [1m[36mActiveRecord::InternalMetadata Create (0.7ms)[0m  [1m[32mINSERT INTO "ar_internal_metadata" ("key", "value", "created_at", "updated_at") VALUES (?, ?, ?, ?)[0m  [["key", "environment"], ["value", "development"], ["created_at", "2021-01-09 18:12:40.399656"], ["updated_at", "2021-01-09 18:12:40.399656"]]
  [1m[36mTRANSACTION (0.9ms)[0m  [1m[36mcommit transaction[0m
  [1m[35m (0.3ms)[0m  [1m[34mSELECT sqlite_version(*)[0m
  [1m[35m (0.1ms)[0m  [1m[34mSELECT "schema_migrations"."version" FROM "schema_migrations" ORDER BY "schema_migrations"."version" ASC[0m
  [1m[35m (31.9ms)[0m  [1m[34mSELECT sqlite_version(*)[0m
  [1m[36mTRANSACTION (0.1ms)[0m  [1m[36mbegin transaction[0m
  [1m[36mTRANSACTION (0.1ms)[0m  [1m[31mrollback transaction[0m
Started GET "/" for 127.0.0.1 at 2021-01-09 14:12:56 -0500
  [1m[35m (0.9ms)[0m  [1m[34mSELECT sqlite_version(*)[0m
  [1m[35m (0.4ms)[0m  [1m[34mSELECT "schema_migrations"."version" FROM "schema_migrations" ORDER BY "schema_migrations"."version" ASC[0m
Processing by Rails::WelcomeController#index as HTML
  Rendering /Users/noahchristian/.rvm/gems/ruby-3.0.0/gems/railties-6.1.1/lib/rails/templates/rails/welcome/index.html.erb
  Rendered /Users/noahchristian/.rvm/gems/ruby-3.0.0/gems/railties-6.1.1/lib/rails/templates/rails/welcome/index.html.erb (Duration: 18.9ms | Allocations: 415)
Completed 200 OK in 57ms (Views: 23.1ms | ActiveRecord: 0.0ms | Allocations: 3185)


Started GET "/login" for 127.0.0.1 at 2021-01-09 14:13:05 -0500
  
ActionController::RoutingError (No route matches [GET] "/login"):
  
Started GET "/login_up" for 127.0.0.1 at 2021-01-09 14:13:50 -0500
  
ActionController::RoutingError (No route matches [GET] "/login_up"):
  
Started GET "/signup" for 127.0.0.1 at 2021-01-09 14:13:59 -0500
Processing by UsersController#new as HTML
  Rendering layout layouts/application.html.erb
  Rendering users/new.html.erb within layouts/application
  Rendered users/new.html.erb within layouts/application (Duration: 1.2ms | Allocations: 110)
[Webpacker] Compiling...
[Webpacker] Compiled all packs in /Users/noahchristian/Documents/final_app/picture_app/public/packs
[Webpacker] Hash: 415a948d492e21802f43
Version: webpack 4.45.0
Time: 1404ms
Built at: 01/09/2021 2:14:05 PM
                                     Asset       Size       Chunks                         Chunk Names
    js/application-d5a3c3b4dce84b5eb605.js    125 KiB  application  [emitted] [immutable]  application
js/application-d5a3c3b4dce84b5eb605.js.map    139 KiB  application  [emitted] [dev]        application
                             manifest.json  364 bytes               [emitted]              
Entrypoint application = js/application-d5a3c3b4dce84b5eb605.js js/application-d5a3c3b4dce84b5eb605.js.map
[./app/javascript/channels sync recursive _channel\.js$] ./app/javascript/channels sync _channel\.js$ 160 bytes {application} [built]
[./app/javascript/channels/index.js] 211 bytes {application} [built]
[./app/javascript/packs/application.js] 492 bytes {application} [built]
[./node_modules/webpack/buildin/module.js] (webpack)/buildin/module.js 552 bytes {application} [built]
    + 3 hidden modules

  Rendered layouts/_header.html.erb (Duration: 0.9ms | Allocations: 252)
  Rendered layouts/_footer.html.erb (Duration: 0.8ms | Allocations: 179)
  Rendered layout layouts/application.html.erb (Duration: 5258.0ms | Allocations: 19723)
Completed 200 OK in 5265ms (Views: 5262.8ms | ActiveRecord: 0.0ms | Allocations: 21006)


Started GET "/signup" for 127.0.0.1 at 2021-01-09 15:26:50 -0500
Processing by UsersController#new as HTML
  Rendering layout layouts/application.html.erb
  Rendering users/new.html.erb within layouts/application
  Rendered users/new.html.erb within layouts/application (Duration: 0.6ms | Allocations: 38)
[Webpacker] Everything's up-to-date. Nothing to do
  Rendered layouts/_header.html.erb (Duration: 0.3ms | Allocations: 82)
  Rendered layouts/_footer.html.erb (Duration: 0.1ms | Allocations: 58)
  Rendered layout layouts/application.html.erb (Duration: 141.7ms | Allocations: 7268)
Completed 200 OK in 152ms (Views: 146.5ms | Allocations: 7712)


  [1m[35m (1.4ms)[0m  [1m[34mSELECT sqlite_version(*)[0m
  [1m[35m (0.6ms)[0m  [1m[34mSELECT "schema_migrations"."version" FROM "schema_migrations" ORDER BY "schema_migrations"."version" ASC[0m
Migrating to AddIndexToUsersEmail (20210109204032)
  [1m[36mTRANSACTION (0.1ms)[0m  [1m[36mbegin transaction[0m
  [1m[35m (0.8ms)[0m  [1m[35mCREATE UNIQUE INDEX "index_users_on_email" ON "users" ("email")[0m
  [1m[36mActiveRecord::SchemaMigration Create (0.5ms)[0m  [1m[32mINSERT INTO "schema_migrations" ("version") VALUES (?)[0m  [["version", "20210109204032"]]
  [1m[36mTRANSACTION (1.1ms)[0m  [1m[36mcommit transaction[0m
  [1m[36mActiveRecord::InternalMetadata Load (1.2ms)[0m  [1m[34mSELECT "ar_internal_metadata".* FROM "ar_internal_metadata" WHERE "ar_internal_metadata"."key" = ? LIMIT ?[0m  [["key", "environment"], ["LIMIT", 1]]
  [1m[35m (0.2ms)[0m  [1m[34mSELECT sqlite_version(*)[0m
  [1m[35m (0.1ms)[0m  [1m[34mSELECT "schema_migrations"."version" FROM "schema_migrations" ORDER BY "schema_migrations"."version" ASC[0m
  [1m[35m (1.2ms)[0m  [1m[34mSELECT sqlite_version(*)[0m
  [1m[35m (0.2ms)[0m  [1m[34mSELECT "schema_migrations"."version" FROM "schema_migrations" ORDER BY "schema_migrations"."version" ASC[0m
Migrating to AddPasswordDigestToUsers (20210109204746)
  [1m[36mTRANSACTION (0.1ms)[0m  [1m[36mbegin transaction[0m
  [1m[35m (0.6ms)[0m  [1m[35mALTER TABLE "users" ADD "password_digest" varchar[0m
  [1m[36mActiveRecord::SchemaMigration Create (0.3ms)[0m  [1m[32mINSERT INTO "schema_migrations" ("version") VALUES (?)[0m  [["version", "20210109204746"]]
  [1m[36mTRANSACTION (0.7ms)[0m  [1m[36mcommit transaction[0m
  [1m[36mActiveRecord::InternalMetadata Load (0.2ms)[0m  [1m[34mSELECT "ar_internal_metadata".* FROM "ar_internal_metadata" WHERE "ar_internal_metadata"."key" = ? LIMIT ?[0m  [["key", "environment"], ["LIMIT", 1]]
  [1m[35m (0.1ms)[0m  [1m[34mSELECT sqlite_version(*)[0m
  [1m[35m (0.2ms)[0m  [1m[34mSELECT "schema_migrations"."version" FROM "schema_migrations" ORDER BY "schema_migrations"."version" ASC[0m
  [1m[35m (1.2ms)[0m  [1m[34mSELECT sqlite_version(*)[0m
  [1m[36mUser Exists? (0.5ms)[0m  [1m[34mSELECT 1 AS one FROM "users" WHERE "users"."email" = ? LIMIT ?[0m  [["email", "noah@example.com"], ["LIMIT", 1]]
  [1m[35m (1.0ms)[0m  [1m[34mSELECT sqlite_version(*)[0m
  [1m[36mUser Exists? (1.1ms)[0m  [1m[34mSELECT 1 AS one FROM "users" WHERE "users"."email" = ? LIMIT ?[0m  [["email", "michael@example.com"], ["LIMIT", 1]]
  [1m[36mTRANSACTION (0.2ms)[0m  [1m[36mbegin transaction[0m
  [1m[36mUser Exists? (1.3ms)[0m  [1m[34mSELECT 1 AS one FROM "users" WHERE "users"."email" = ? LIMIT ?[0m  [["email", "michael@example.com"], ["LIMIT", 1]]
  [1m[36mTRANSACTION (0.1ms)[0m  [1m[31mrollback transaction[0m
  [1m[36mUser Exists? (0.3ms)[0m  [1m[34mSELECT 1 AS one FROM "users" WHERE "users"."email" = ? LIMIT ?[0m  [["email", "michael@example.com"], ["LIMIT", 1]]
  [1m[35m (1.3ms)[0m  [1m[34mSELECT sqlite_version(*)[0m
  [1m[36mTRANSACTION (0.1ms)[0m  [1m[36mbegin transaction[0m
  [1m[36mUser Load (0.9ms)[0m  [1m[34mSELECT "users".* FROM "users" WHERE "users"."email" = ? LIMIT ?[0m  [["email", "michael@example.com"], ["LIMIT", 1]]
  [1m[36mTRANSACTION (0.2ms)[0m  [1m[35mSAVEPOINT active_record_1[0m
  [1m[36mUser Exists? (0.2ms)[0m  [1m[34mSELECT 1 AS one FROM "users" WHERE "users"."email" = ? LIMIT ?[0m  [["email", "michael@example.com"], ["LIMIT", 1]]
  [1m[36mUser Create (1.0ms)[0m  [1m[32mINSERT INTO "users" ("name", "email", "created_at", "updated_at", "password_digest") VALUES (?, ?, ?, ?, ?)[0m  [["name", "Michael Hartl"], ["email", "michael@example.com"], ["created_at", "2021-01-09 21:17:12.074703"], ["updated_at", "2021-01-09 21:17:12.074703"], ["password_digest", "$2a$12$.4r1/pTVmoc0roG2DWWmFOtampA6x2brOCwAXEkTPtuDF7Ema4msy"]]
  [1m[36mTRANSACTION (0.1ms)[0m  [1m[35mRELEASE SAVEPOINT active_record_1[0m
  [1m[36mUser Load (0.3ms)[0m  [1m[34mSELECT "users".* FROM "users" WHERE "users"."email" = ? LIMIT ?[0m  [["email", "michael@example.com"], ["LIMIT", 1]]
  [1m[36mTRANSACTION (6.7ms)[0m  [1m[31mrollback transaction[0m
  [1m[35m (1.3ms)[0m  [1m[34mSELECT sqlite_version(*)[0m
  [1m[36mTRANSACTION (0.1ms)[0m  [1m[36mbegin transaction[0m
  [1m[36mUser Exists? (0.7ms)[0m  [1m[34mSELECT 1 AS one FROM "users" WHERE "users"."email" = ? LIMIT ?[0m  [["email", "michael@example.com"], ["LIMIT", 1]]
  [1m[36mUser Create (0.9ms)[0m  [1m[32mINSERT INTO "users" ("name", "email", "created_at", "updated_at", "password_digest") VALUES (?, ?, ?, ?, ?)[0m  [["name", "Michael Hartl"], ["email", "michael@example.com"], ["created_at", "2021-01-09 21:20:47.519555"], ["updated_at", "2021-01-09 21:20:47.519555"], ["password_digest", "$2a$12$ukXg7JScG1qH0W/nF9AaFOToze1wND7Bq1DtNB61Fttf2crUgZdxy"]]
  [1m[36mTRANSACTION (0.7ms)[0m  [1m[36mcommit transaction[0m
  [1m[36mUser Load (0.3ms)[0m  [1m[34mSELECT "users".* FROM "users" WHERE "users"."email" = ? LIMIT ?[0m  [["email", "michael@example.com"], ["LIMIT", 1]]
  [1m[35m (1.0ms)[0m  [1m[34mSELECT sqlite_version(*)[0m
  [1m[35m (0.3ms)[0m  [1m[34mSELECT COUNT(*) FROM "users"[0m
  [1m[36mUser Load (0.5ms)[0m  [1m[34mSELECT "users".* FROM "users" ORDER BY "users"."id" ASC LIMIT ?[0m  [["LIMIT", 1]]
Started GET "/signup" for 127.0.0.1 at 2021-01-09 17:14:31 -0500
  
ArgumentError (Missing :controller key on routes definition, please check your routes.):
  
config/routes.rb:2:in `block in <main>'
config/routes.rb:1:in `<main>'
Started GET "/signup" for 127.0.0.1 at 2021-01-09 17:18:50 -0500
  [1m[35m (0.1ms)[0m  [1m[34mSELECT sqlite_version(*)[0m
  [1m[35m (0.8ms)[0m  [1m[34mSELECT "schema_migrations"."version" FROM "schema_migrations" ORDER BY "schema_migrations"."version" ASC[0m
  
ActionController::RoutingError (No route matches [GET] "/signup"):
  
Started GET "/signup" for 127.0.0.1 at 2021-01-09 17:18:52 -0500
  
ActionController::RoutingError (No route matches [GET] "/signup"):
  
Started GET "/signup" for 127.0.0.1 at 2021-01-09 17:18:53 -0500
  
ActionController::RoutingError (No route matches [GET] "/signup"):
  
Started GET "/" for 127.0.0.1 at 2021-01-09 17:18:57 -0500
Processing by UsersController#new as HTML
Completed 500 Internal Server Error in 45ms (ActiveRecord: 0.0ms | Allocations: 3328)


  
LoadError (cannot load such file -- bcrypt):
  
app/models/user.rb:8:in `<class:User>'
app/models/user.rb:1:in `<main>'
app/controllers/users_controller.rb:9:in `new'
Started GET "/" for 127.0.0.1 at 2021-01-09 17:35:17 -0500
  [1m[35m (11.0ms)[0m  [1m[34mSELECT sqlite_version(*)[0m
  [1m[35m (0.6ms)[0m  [1m[34mSELECT "schema_migrations"."version" FROM "schema_migrations" ORDER BY "schema_migrations"."version" ASC[0m
Processing by UsersController#new as HTML
  Rendering layout layouts/application.html.erb
  Rendering users/new.html.erb within layouts/application
  Rendered users/new.html.erb within layouts/application (Duration: 1763.2ms | Allocations: 793133)
[Webpacker] Everything's up-to-date. Nothing to do
  Rendered layouts/_header.html.erb (Duration: 0.9ms | Allocations: 261)
  Rendered layouts/_footer.html.erb (Duration: 0.7ms | Allocations: 179)
  Rendered layout layouts/application.html.erb (Duration: 3202.9ms | Allocations: 889166)
Completed 200 OK in 3237ms (Views: 3209.4ms | ActiveRecord: 0.6ms | Allocations: 896771)


Started POST "/users" for 127.0.0.1 at 2021-01-09 17:39:06 -0500
Processing by UsersController#create as HTML
  Parameters: {"authenticity_token"=>"[FILTERED]", "user"=>{"name"=>"", "email"=>"noah.povis@gmail.com", "password"=>"[FILTERED]", "password_confirmation"=>"[FILTERED]"}, "commit"=>"Create my account"}
Completed 500 Internal Server Error in 1ms (ActiveRecord: 0.0ms | Allocations: 736)


  
ActiveModel::ForbiddenAttributesError (ActiveModel::ForbiddenAttributesError):
  
app/controllers/users_controller.rb:13:in `create'
Started GET "/" for 127.0.0.1 at 2021-01-09 18:05:15 -0500
  [1m[35m (0.8ms)[0m  [1m[34mSELECT sqlite_version(*)[0m
  [1m[35m (0.6ms)[0m  [1m[34mSELECT "schema_migrations"."version" FROM "schema_migrations" ORDER BY "schema_migrations"."version" ASC[0m
Processing by UsersController#new as HTML
  Rendering layout layouts/application.html.erb
  Rendering users/new.html.erb within layouts/application
  Rendered users/new.html.erb within layouts/application (Duration: 270.9ms | Allocations: 205665)
[Webpacker] Everything's up-to-date. Nothing to do
  Rendered layouts/_header.html.erb (Duration: 0.9ms | Allocations: 258)
  Rendered layouts/_footer.html.erb (Duration: 0.6ms | Allocations: 179)
  Rendered layout layouts/application.html.erb (Duration: 394.7ms | Allocations: 224825)
Completed 200 OK in 422ms (Views: 398.6ms | ActiveRecord: 0.9ms | Allocations: 232507)


Started GET "/" for 127.0.0.1 at 2021-01-10 14:44:19 -0500
  [1m[35m (1.0ms)[0m  [1m[34mSELECT sqlite_version(*)[0m
  [1m[35m (0.7ms)[0m  [1m[34mSELECT "schema_migrations"."version" FROM "schema_migrations" ORDER BY "schema_migrations"."version" ASC[0m
Processing by UsersController#new as HTML
  Rendering layout layouts/application.html.erb
  Rendering users/new.html.erb within layouts/application
  Rendered users/new.html.erb within layouts/application (Duration: 456.2ms | Allocations: 205666)
[Webpacker] Everything's up-to-date. Nothing to do
  Rendered layouts/_header.html.erb (Duration: 0.6ms | Allocations: 257)
  Rendered layouts/_footer.html.erb (Duration: 0.6ms | Allocations: 178)
  Rendered layout layouts/application.html.erb (Duration: 620.8ms | Allocations: 223601)
Completed 200 OK in 651ms (Views: 625.0ms | ActiveRecord: 1.0ms | Allocations: 231279)


Started POST "/users" for 127.0.0.1 at 2021-01-10 14:44:31 -0500
Processing by UsersController#create as HTML
  Parameters: {"authenticity_token"=>"[FILTERED]", "user"=>{"name"=>"", "email"=>"noah.povis@gmail.com", "password"=>"[FILTERED]", "password_confirmation"=>"[FILTERED]"}, "commit"=>"Create my account"}
Completed 500 Internal Server Error in 1ms (ActiveRecord: 0.0ms | Allocations: 736)


  
ActiveModel::ForbiddenAttributesError (ActiveModel::ForbiddenAttributesError):
  
app/controllers/users_controller.rb:13:in `create'
Started GET "/" for 127.0.0.1 at 2021-01-10 14:48:13 -0500
Processing by UsersController#new as HTML
  Rendering layout layouts/application.html.erb
  Rendering users/new.html.erb within layouts/application
  Rendered users/new.html.erb within layouts/application (Duration: 1.5ms | Allocations: 829)
[Webpacker] Everything's up-to-date. Nothing to do
  Rendered layouts/_header.html.erb (Duration: 0.2ms | Allocations: 81)
  Rendered layouts/_footer.html.erb (Duration: 0.1ms | Allocations: 57)
  Rendered layout layouts/application.html.erb (Duration: 31.7ms | Allocations: 8278)
Completed 200 OK in 33ms (Views: 32.2ms | ActiveRecord: 0.0ms | Allocations: 8736)


Started GET "/" for 127.0.0.1 at 2021-01-10 14:49:48 -0500
Processing by UsersController#new as HTML
  Rendering layout layouts/application.html.erb
  Rendering users/new.html.erb within layouts/application
  Rendered users/new.html.erb within layouts/application (Duration: 2.6ms | Allocations: 1170)
[Webpacker] Everything's up-to-date. Nothing to do
  Rendered layouts/_header.html.erb (Duration: 1.1ms | Allocations: 238)
  Rendered layouts/_footer.html.erb (Duration: 0.6ms | Allocations: 171)
  Rendered layout layouts/application.html.erb (Duration: 21.9ms | Allocations: 9329)
Completed 200 OK in 26ms (Views: 25.0ms | ActiveRecord: 0.0ms | Allocations: 10561)


Started GET "/" for 127.0.0.1 at 2021-01-10 14:49:49 -0500
Processing by UsersController#new as HTML
  Rendering layout layouts/application.html.erb
  Rendering users/new.html.erb within layouts/application
  Rendered users/new.html.erb within layouts/application (Duration: 1.8ms | Allocations: 829)
[Webpacker] Everything's up-to-date. Nothing to do
  Rendered layouts/_header.html.erb (Duration: 0.1ms | Allocations: 81)
  Rendered layouts/_footer.html.erb (Duration: 0.1ms | Allocations: 57)
  Rendered layout layouts/application.html.erb (Duration: 23.1ms | Allocations: 8155)
Completed 200 OK in 24ms (Views: 23.6ms | ActiveRecord: 0.0ms | Allocations: 8612)


Started GET "/" for 127.0.0.1 at 2021-01-10 14:51:09 -0500
Processing by UsersController#new as HTML
  Rendering layout layouts/application.html.erb
  Rendering users/new.html.erb within layouts/application
  Rendered users/new.html.erb within layouts/application (Duration: 3.1ms | Allocations: 1043)
[Webpacker] Everything's up-to-date. Nothing to do
  Rendered layouts/_header.html.erb (Duration: 0.8ms | Allocations: 238)
  Rendered layouts/_footer.html.erb (Duration: 0.8ms | Allocations: 171)
  Rendered layout layouts/application.html.erb (Duration: 36.9ms | Allocations: 9198)
Completed 200 OK in 42ms (Views: 40.2ms | Allocations: 10409)


Started GET "/" for 127.0.0.1 at 2021-01-10 14:51:10 -0500
Processing by UsersController#new as HTML
  Rendering layout layouts/application.html.erb
  Rendering users/new.html.erb within layouts/application
  Rendered users/new.html.erb within layouts/application (Duration: 1.3ms | Allocations: 729)
[Webpacker] Everything's up-to-date. Nothing to do
  Rendered layouts/_header.html.erb (Duration: 0.2ms | Allocations: 81)
  Rendered layouts/_footer.html.erb (Duration: 0.2ms | Allocations: 57)
  Rendered layout layouts/application.html.erb (Duration: 15.7ms | Allocations: 8054)
Completed 200 OK in 17ms (Views: 16.1ms | Allocations: 8508)


Started GET "/" for 127.0.0.1 at 2021-01-10 14:51:55 -0500
Processing by UsersController#new as HTML
  Rendering layout layouts/application.html.erb
  Rendering users/new.html.erb within layouts/application
  Rendered users/new.html.erb within layouts/application (Duration: 3.0ms | Allocations: 1147)
[Webpacker] Everything's up-to-date. Nothing to do
  Rendered layouts/_header.html.erb (Duration: 0.9ms | Allocations: 238)
  Rendered layouts/_footer.html.erb (Duration: 0.6ms | Allocations: 171)
  Rendered layout layouts/application.html.erb (Duration: 17.8ms | Allocations: 9304)
Completed 200 OK in 23ms (Views: 21.5ms | Allocations: 10527)


Started POST "/users" for 127.0.0.1 at 2021-01-10 15:07:25 -0500
Processing by UsersController#create as HTML
  Parameters: {"authenticity_token"=>"[FILTERED]", "user"=>{"name"=>"noah", "email"=>"noah44@gmail.com", "password"=>"[FILTERED]", "password_confirmation"=>"[FILTERED]"}, "commit"=>"Create my account"}
Completed 500 Internal Server Error in 12ms (Allocations: 3938)


  
NameError (undefined local variable or method `password_confirmation' for #<UsersController:0x0000000000a708>):
  
app/controllers/users_controller.rb:24:in `user_params'
app/controllers/users_controller.rb:13:in `create'
Started POST "/users" for 127.0.0.1 at 2021-01-10 15:07:49 -0500
Processing by UsersController#create as HTML
  Parameters: {"authenticity_token"=>"[FILTERED]", "user"=>{"name"=>"noah", "email"=>"noah44@gmail.com", "password"=>"[FILTERED]", "password_confirmation"=>"[FILTERED]"}, "commit"=>"Create my account"}
  [1m[35m (0.1ms)[0m  [1m[34mSELECT sqlite_version(*)[0m
  ↳ app/controllers/users_controller.rb:13:in `create'
Completed 500 Internal Server Error in 236ms (ActiveRecord: 0.4ms | Allocations: 6981)


  
NoMethodError (undefined method `before_save' for #<User id: nil, name: "noah", email: "noah44@gmail.com", created_at: nil, updated_at: nil, password_digest: [FILTERED]>
Did you mean?  before_committed!):
  
app/controllers/users_controller.rb:14:in `create'
Started POST "/users" for 127.0.0.1 at 2021-01-10 15:08:31 -0500
Processing by UsersController#create as HTML
  Parameters: {"authenticity_token"=>"[FILTERED]", "user"=>{"name"=>"noah", "email"=>"noah44@gmail.com", "password"=>"[FILTERED]", "password_confirmation"=>"[FILTERED]"}, "commit"=>"Create my account"}
  [1m[35m (0.1ms)[0m  [1m[34mSELECT sqlite_version(*)[0m
  ↳ app/controllers/users_controller.rb:13:in `create'
  [1m[36mTRANSACTION (0.1ms)[0m  [1m[36mbegin transaction[0m
  ↳ app/controllers/users_controller.rb:14:in `create'
  [1m[36mUser Exists? (0.5ms)[0m  [1m[34mSELECT 1 AS one FROM "users" WHERE "users"."email" = ? LIMIT ?[0m  [["email", "noah44@gmail.com"], ["LIMIT", 1]]
  ↳ app/controllers/users_controller.rb:14:in `create'
  [1m[36mTRANSACTION (0.1ms)[0m  [1m[31mrollback transaction[0m
  ↳ app/controllers/users_controller.rb:14:in `create'
  Rendering layout layouts/application.html.erb
  Rendering users/new.html.erb within layouts/application
  Rendered users/new.html.erb within layouts/application (Duration: 4.5ms | Allocations: 1550)
[Webpacker] Everything's up-to-date. Nothing to do
  Rendered layouts/_header.html.erb (Duration: 0.2ms | Allocations: 87)
  Rendered layouts/_footer.html.erb (Duration: 0.7ms | Allocations: 60)
  Rendered layout layouts/application.html.erb (Duration: 37.8ms | Allocations: 9060)
Completed 200 OK in 283ms (Views: 38.7ms | ActiveRecord: 1.5ms | Allocations: 18010)


Started POST "/users" for 127.0.0.1 at 2021-01-10 15:08:48 -0500
Processing by UsersController#create as HTML
  Parameters: {"authenticity_token"=>"[FILTERED]", "user"=>{"name"=>"noah", "email"=>"noah44@gmail.com", "password"=>"[FILTERED]", "password_confirmation"=>"[FILTERED]"}, "commit"=>"Create my account"}
  [1m[36mTRANSACTION (0.1ms)[0m  [1m[36mbegin transaction[0m
  ↳ app/controllers/users_controller.rb:14:in `create'
  [1m[36mUser Exists? (0.2ms)[0m  [1m[34mSELECT 1 AS one FROM "users" WHERE "users"."email" = ? LIMIT ?[0m  [["email", "noah44@gmail.com"], ["LIMIT", 1]]
  ↳ app/controllers/users_controller.rb:14:in `create'
  [1m[36mTRANSACTION (0.1ms)[0m  [1m[31mrollback transaction[0m
  ↳ app/controllers/users_controller.rb:14:in `create'
  Rendering layout layouts/application.html.erb
  Rendering users/new.html.erb within layouts/application
  Rendered users/new.html.erb within layouts/application (Duration: 1.8ms | Allocations: 1432)
[Webpacker] Everything's up-to-date. Nothing to do
  Rendered layouts/_header.html.erb (Duration: 0.2ms | Allocations: 81)
  Rendered layouts/_footer.html.erb (Duration: 0.1ms | Allocations: 57)
  Rendered layout layouts/application.html.erb (Duration: 15.7ms | Allocations: 8738)
Completed 200 OK in 240ms (Views: 17.4ms | ActiveRecord: 0.4ms | Allocations: 12034)


Started POST "/users" for 127.0.0.1 at 2021-01-10 15:37:15 -0500
Processing by UsersController#create as HTML
  Parameters: {"authenticity_token"=>"[FILTERED]", "user"=>{"name"=>"noah", "email"=>"noah44@gmail.com", "password"=>"[FILTERED]", "password_confirmation"=>"[FILTERED]"}, "commit"=>"Create my account"}
  [1m[35m (0.5ms)[0m  [1m[34mSELECT sqlite_version(*)[0m
  ↳ app/controllers/users_controller.rb:14:in `create'
  [1m[36mTRANSACTION (0.1ms)[0m  [1m[36mbegin transaction[0m
  ↳ app/controllers/users_controller.rb:14:in `create'
  [1m[36mUser Exists? (0.4ms)[0m  [1m[34mSELECT 1 AS one FROM "users" WHERE "users"."email" = ? LIMIT ?[0m  [["email", "noah44@gmail.com"], ["LIMIT", 1]]
  ↳ app/controllers/users_controller.rb:14:in `create'
  [1m[36mTRANSACTION (0.1ms)[0m  [1m[31mrollback transaction[0m
  ↳ app/controllers/users_controller.rb:14:in `create'
  Rendering layout layouts/application.html.erb
  Rendering users/new.html.erb within layouts/application
  Rendered shared/_error_messages.html.erb (Duration: 4.2ms | Allocations: 1022)
  Rendered users/new.html.erb within layouts/application (Duration: 16.2ms | Allocations: 3505)
[Webpacker] Everything's up-to-date. Nothing to do
  Rendered layouts/_header.html.erb (Duration: 0.9ms | Allocations: 241)
  Rendered layouts/_footer.html.erb (Duration: 0.9ms | Allocations: 171)
  Rendered layout layouts/application.html.erb (Duration: 1673.6ms | Allocations: 84195)
Completed 200 OK in 1917ms (Views: 1679.3ms | ActiveRecord: 1.4ms | Allocations: 88916)


Started POST "/users" for 127.0.0.1 at 2021-01-10 15:37:27 -0500
Processing by UsersController#create as HTML
  Parameters: {"authenticity_token"=>"[FILTERED]", "user"=>{"name"=>"noah", "email"=>"noah44@gmail.com", "password"=>"[FILTERED]", "password_confirmation"=>"[FILTERED]"}, "commit"=>"Create my account"}
  [1m[36mTRANSACTION (0.1ms)[0m  [1m[36mbegin transaction[0m
  ↳ app/controllers/users_controller.rb:14:in `create'
  [1m[36mUser Exists? (0.2ms)[0m  [1m[34mSELECT 1 AS one FROM "users" WHERE "users"."email" = ? LIMIT ?[0m  [["email", "noah44@gmail.com"], ["LIMIT", 1]]
  ↳ app/controllers/users_controller.rb:14:in `create'
  [1m[36mTRANSACTION (0.1ms)[0m  [1m[31mrollback transaction[0m
  ↳ app/controllers/users_controller.rb:14:in `create'
  Rendering layout layouts/application.html.erb
  Rendering users/new.html.erb within layouts/application
  Rendered shared/_error_messages.html.erb (Duration: 1.5ms | Allocations: 840)
  Rendered users/new.html.erb within layouts/application (Duration: 5.4ms | Allocations: 2836)
[Webpacker] Everything's up-to-date. Nothing to do
  Rendered layouts/_header.html.erb (Duration: 0.1ms | Allocations: 80)
  Rendered layouts/_footer.html.erb (Duration: 0.1ms | Allocations: 57)
  Rendered layout layouts/application.html.erb (Duration: 17.7ms | Allocations: 10141)
Completed 200 OK in 239ms (Views: 18.3ms | ActiveRecord: 0.3ms | Allocations: 13503)


Started POST "/users" for 127.0.0.1 at 2021-01-10 15:50:29 -0500
Processing by UsersController#create as HTML
  Parameters: {"authenticity_token"=>"[FILTERED]", "user"=>{"name"=>"noah", "email"=>"noah44@gmail", "password"=>"[FILTERED]", "password_confirmation"=>"[FILTERED]"}, "commit"=>"Create my account"}
  [1m[36mTRANSACTION (0.1ms)[0m  [1m[36mbegin transaction[0m
  ↳ app/controllers/users_controller.rb:14:in `create'
  [1m[36mUser Exists? (1.7ms)[0m  [1m[34mSELECT 1 AS one FROM "users" WHERE "users"."email" = ? LIMIT ?[0m  [["email", "noah44@gmail"], ["LIMIT", 1]]
  ↳ app/controllers/users_controller.rb:14:in `create'
  [1m[36mTRANSACTION (0.1ms)[0m  [1m[31mrollback transaction[0m
  ↳ app/controllers/users_controller.rb:14:in `create'
  Rendering layout layouts/application.html.erb
  Rendering users/new.html.erb within layouts/application
  Rendered shared/_error_messages.html.erb (Duration: 1.3ms | Allocations: 858)
  Rendered users/new.html.erb within layouts/application (Duration: 6.5ms | Allocations: 2824)
[Webpacker] Everything's up-to-date. Nothing to do
  Rendered layouts/_header.html.erb (Duration: 0.2ms | Allocations: 80)
  Rendered layouts/_footer.html.erb (Duration: 0.2ms | Allocations: 57)
  Rendered layout layouts/application.html.erb (Duration: 41.9ms | Allocations: 10130)
Completed 200 OK in 270ms (Views: 42.6ms | ActiveRecord: 1.8ms | Allocations: 13438)


Started POST "/users" for 127.0.0.1 at 2021-01-10 15:50:44 -0500
Processing by UsersController#create as HTML
  Parameters: {"authenticity_token"=>"[FILTERED]", "user"=>{"name"=>"noah", "email"=>"noah44@gmail", "password"=>"[FILTERED]", "password_confirmation"=>"[FILTERED]"}, "commit"=>"Create my account"}
  [1m[36mTRANSACTION (0.1ms)[0m  [1m[36mbegin transaction[0m
  ↳ app/controllers/users_controller.rb:14:in `create'
  [1m[36mUser Exists? (0.1ms)[0m  [1m[34mSELECT 1 AS one FROM "users" WHERE "users"."email" = ? LIMIT ?[0m  [["email", "noah44@gmail"], ["LIMIT", 1]]
  ↳ app/controllers/users_controller.rb:14:in `create'
  [1m[36mTRANSACTION (0.1ms)[0m  [1m[31mrollback transaction[0m
  ↳ app/controllers/users_controller.rb:14:in `create'
  Rendering layout layouts/application.html.erb
  Rendering users/new.html.erb within layouts/application
  Rendered shared/_error_messages.html.erb (Duration: 1.8ms | Allocations: 1213)
  Rendered users/new.html.erb within layouts/application (Duration: 7.8ms | Allocations: 3727)
[Webpacker] Everything's up-to-date. Nothing to do
  Rendered layouts/_header.html.erb (Duration: 0.1ms | Allocations: 80)
  Rendered layouts/_footer.html.erb (Duration: 0.1ms | Allocations: 57)
  Rendered layout layouts/application.html.erb (Duration: 37.2ms | Allocations: 11033)
Completed 200 OK in 274ms (Views: 37.8ms | ActiveRecord: 0.3ms | Allocations: 14405)


Started POST "/users" for 127.0.0.1 at 2021-01-10 15:53:25 -0500
Started GET "/" for 127.0.0.1 at 2021-01-10 15:54:13 -0500
  [1m[35m (1.5ms)[0m  [1m[34mSELECT sqlite_version(*)[0m
  [1m[35m (0.6ms)[0m  [1m[34mSELECT "schema_migrations"."version" FROM "schema_migrations" ORDER BY "schema_migrations"."version" ASC[0m
Processing by UsersController#new as HTML
  Rendering layout layouts/application.html.erb
  Rendering users/new.html.erb within layouts/application
  Rendered shared/_error_messages.html.erb (Duration: 1.0ms | Allocations: 240)
  Rendered users/new.html.erb within layouts/application (Duration: 263.3ms | Allocations: 206080)
  Rendered layout layouts/application.html.erb (Duration: 2285.3ms | Allocations: 316008)
Completed 500 Internal Server Error in 2313ms (ActiveRecord: 0.5ms | Allocations: 323556)


  
ActionView::Template::Error (Error: Mixin box-sizing is missing argument $boxmodel.
        on line 88:14 of app/assets/stylesheets/custom.scss
>>     @include box_sizing;

   -------------^
):
  
app/assets/stylesheets/custom.scss:88
Started GET "/" for 127.0.0.1 at 2021-01-10 15:55:11 -0500
Processing by UsersController#new as HTML
  Rendering layout layouts/application.html.erb
  Rendering users/new.html.erb within layouts/application
  Rendered shared/_error_messages.html.erb (Duration: 0.1ms | Allocations: 42)
  Rendered users/new.html.erb within layouts/application (Duration: 1.4ms | Allocations: 943)
[Webpacker] Everything's up-to-date. Nothing to do
  Rendered layouts/_header.html.erb (Duration: 1.2ms | Allocations: 252)
  Rendered layouts/_footer.html.erb (Duration: 0.8ms | Allocations: 178)
  Rendered layout layouts/application.html.erb (Duration: 671.4ms | Allocations: 58011)
Completed 200 OK in 673ms (Views: 671.9ms | ActiveRecord: 0.0ms | Allocations: 58508)


Started POST "/users" for 127.0.0.1 at 2021-01-10 15:55:31 -0500
Processing by UsersController#create as HTML
  Parameters: {"authenticity_token"=>"[FILTERED]", "user"=>{"name"=>"noah", "email"=>"apple@gmail.com", "password"=>"[FILTERED]", "password_confirmation"=>"[FILTERED]"}, "commit"=>"Create my account"}
  [1m[36mTRANSACTION (0.1ms)[0m  [1m[36mbegin transaction[0m
  ↳ app/controllers/users_controller.rb:14:in `create'
  [1m[36mUser Exists? (0.5ms)[0m  [1m[34mSELECT 1 AS one FROM "users" WHERE "users"."email" = ? LIMIT ?[0m  [["email", "apple@gmail.com"], ["LIMIT", 1]]
  ↳ app/controllers/users_controller.rb:14:in `create'
  [1m[36mUser Create (1.0ms)[0m  [1m[32mINSERT INTO "users" ("name", "email", "created_at", "updated_at", "password_digest") VALUES (?, ?, ?, ?, ?)[0m  [["name", "noah"], ["email", "apple@gmail.com"], ["created_at", "2021-01-10 20:55:31.254051"], ["updated_at", "2021-01-10 20:55:31.254051"], ["password_digest", "$2a$12$UYxUdy2/NAPaDMsL2CSHhOu3LH3ht5.P7m0O9D2eVzPVpeTwE9Mje"]]
  ↳ app/controllers/users_controller.rb:14:in `create'
  [1m[36mTRANSACTION (0.8ms)[0m  [1m[36mcommit transaction[0m
  ↳ app/controllers/users_controller.rb:14:in `create'
Redirected to http://127.0.0.1:3000/users/2
Completed 302 Found in 236ms (ActiveRecord: 2.4ms | Allocations: 4945)


Started GET "/users/2" for 127.0.0.1 at 2021-01-10 15:55:31 -0500
Processing by UsersController#show as HTML
  Parameters: {"id"=>"2"}
  [1m[36mUser Load (0.2ms)[0m  [1m[34mSELECT "users".* FROM "users" WHERE "users"."id" = ? LIMIT ?[0m  [["id", 2], ["LIMIT", 1]]
  ↳ app/controllers/users_controller.rb:4:in `show'
  Rendering layout layouts/application.html.erb
  Rendering users/show.html.erb within layouts/application
  Rendered users/show.html.erb within layouts/application (Duration: 0.7ms | Allocations: 129)
[Webpacker] Everything's up-to-date. Nothing to do
  Rendered layouts/_header.html.erb (Duration: 0.2ms | Allocations: 81)
  Rendered layouts/_footer.html.erb (Duration: 0.5ms | Allocations: 57)
  Rendered layout layouts/application.html.erb (Duration: 22.6ms | Allocations: 7474)
Completed 200 OK in 26ms (Views: 23.1ms | ActiveRecord: 0.2ms | Allocations: 8828)


  [1m[35m (1.0ms)[0m  [1m[34mSELECT sqlite_version(*)[0m
  [1m[36mUser Load (0.2ms)[0m  [1m[34mSELECT "users".* FROM "users" WHERE "users"."id" = ? LIMIT ?[0m  [["id", 1], ["LIMIT", 1]]
  [1m[36mUser Load (0.2ms)[0m  [1m[34mSELECT "users".* FROM "users" WHERE "users"."id" = ? LIMIT ?[0m  [["id", 2], ["LIMIT", 1]]
  [1m[35m (1.0ms)[0m  [1m[34mSELECT sqlite_version(*)[0m
  [1m[35m (0.5ms)[0m  [1m[34mSELECT "schema_migrations"."version" FROM "schema_migrations" ORDER BY "schema_migrations"."version" ASC[0m
  [1m[35m (1.0ms)[0m  [1m[34mSELECT "ar_internal_metadata"."value" FROM "ar_internal_metadata" WHERE "ar_internal_metadata"."key" = ?[0m  [["key", "environment"]]
  [1m[35m (0.1ms)[0m  [1m[34mSELECT "schema_migrations"."version" FROM "schema_migrations" ORDER BY "schema_migrations"."version" ASC[0m
  [1m[35m (0.1ms)[0m  [1m[34mSELECT "ar_internal_metadata"."value" FROM "ar_internal_metadata" WHERE "ar_internal_metadata"."key" = ?[0m  [["key", "environment"]]
  [1m[35m (0.1ms)[0m  [1m[34mSELECT "schema_migrations"."version" FROM "schema_migrations" ORDER BY "schema_migrations"."version" ASC[0m
  [1m[35m (0.1ms)[0m  [1m[34mSELECT "ar_internal_metadata"."value" FROM "ar_internal_metadata" WHERE "ar_internal_metadata"."key" = ?[0m  [["key", "environment"]]
  [1m[35m (0.1ms)[0m  [1m[34mSELECT sqlite_version(*)[0m
  [1m[35m (0.1ms)[0m  [1m[34mSELECT sqlite_version(*)[0m
  [1m[35m (0.0ms)[0m  [1m[34mSELECT sqlite_version(*)[0m
  [1m[35m (1.1ms)[0m  [1m[35mCREATE TABLE "schema_migrations" ("version" varchar NOT NULL PRIMARY KEY)[0m
  [1m[35m (1.1ms)[0m  [1m[35mCREATE TABLE "ar_internal_metadata" ("key" varchar NOT NULL PRIMARY KEY, "value" varchar, "created_at" datetime(6) NOT NULL, "updated_at" datetime(6) NOT NULL)[0m
  [1m[35m (0.1ms)[0m  [1m[34mSELECT "schema_migrations"."version" FROM "schema_migrations" ORDER BY "schema_migrations"."version" ASC[0m
Migrating to CreateUsers (20210109181049)
  [1m[36mTRANSACTION (0.1ms)[0m  [1m[36mbegin transaction[0m
  [1m[35m (0.7ms)[0m  [1m[35mCREATE TABLE "users" ("id" integer PRIMARY KEY AUTOINCREMENT NOT NULL, "name" varchar, "email" varchar, "created_at" datetime(6) NOT NULL, "updated_at" datetime(6) NOT NULL)[0m
  [1m[36mActiveRecord::SchemaMigration Create (0.3ms)[0m  [1m[32mINSERT INTO "schema_migrations" ("version") VALUES (?)[0m  [["version", "20210109181049"]]
  [1m[36mTRANSACTION (0.9ms)[0m  [1m[36mcommit transaction[0m
Migrating to AddIndexToUsersEmail (20210109204032)
  [1m[36mTRANSACTION (0.1ms)[0m  [1m[36mbegin transaction[0m
  [1m[35m (0.4ms)[0m  [1m[35mCREATE UNIQUE INDEX "index_users_on_email" ON "users" ("email")[0m
  [1m[36mActiveRecord::SchemaMigration Create (0.2ms)[0m  [1m[32mINSERT INTO "schema_migrations" ("version") VALUES (?)[0m  [["version", "20210109204032"]]
  [1m[36mTRANSACTION (0.9ms)[0m  [1m[36mcommit transaction[0m
Migrating to AddPasswordDigestToUsers (20210109204746)
  [1m[36mTRANSACTION (0.0ms)[0m  [1m[36mbegin transaction[0m
  [1m[35m (0.4ms)[0m  [1m[35mALTER TABLE "users" ADD "password_digest" varchar[0m
  [1m[36mActiveRecord::SchemaMigration Create (0.1ms)[0m  [1m[32mINSERT INTO "schema_migrations" ("version") VALUES (?)[0m  [["version", "20210109204746"]]
  [1m[36mTRANSACTION (0.9ms)[0m  [1m[36mcommit transaction[0m
  [1m[36mActiveRecord::InternalMetadata Load (0.3ms)[0m  [1m[34mSELECT "ar_internal_metadata".* FROM "ar_internal_metadata" WHERE "ar_internal_metadata"."key" = ? LIMIT ?[0m  [["key", "environment"], ["LIMIT", 1]]
  [1m[36mTRANSACTION (0.1ms)[0m  [1m[36mbegin transaction[0m
  [1m[36mActiveRecord::InternalMetadata Create (0.5ms)[0m  [1m[32mINSERT INTO "ar_internal_metadata" ("key", "value", "created_at", "updated_at") VALUES (?, ?, ?, ?)[0m  [["key", "environment"], ["value", "development"], ["created_at", "2021-01-10 21:06:35.798362"], ["updated_at", "2021-01-10 21:06:35.798362"]]
  [1m[36mTRANSACTION (0.6ms)[0m  [1m[36mcommit transaction[0m
  [1m[35m (0.1ms)[0m  [1m[34mSELECT sqlite_version(*)[0m
  [1m[35m (0.1ms)[0m  [1m[34mSELECT "schema_migrations"."version" FROM "schema_migrations" ORDER BY "schema_migrations"."version" ASC[0m
Started GET "/users/2" for 127.0.0.1 at 2021-01-10 16:07:17 -0500
  [1m[35m (0.4ms)[0m  [1m[34mSELECT sqlite_version(*)[0m
  [1m[35m (0.2ms)[0m  [1m[34mSELECT "schema_migrations"."version" FROM "schema_migrations" ORDER BY "schema_migrations"."version" ASC[0m
Processing by UsersController#show as HTML
  Parameters: {"id"=>"2"}
  [1m[36mUser Load (0.1ms)[0m  [1m[34mSELECT "users".* FROM "users" WHERE "users"."id" = ? LIMIT ?[0m  [["id", 2], ["LIMIT", 1]]
  ↳ app/controllers/users_controller.rb:4:in `show'
Completed 404 Not Found in 13ms (ActiveRecord: 0.6ms | Allocations: 4537)


  
ActiveRecord::RecordNotFound (Couldn't find User with 'id'=2):
  
app/controllers/users_controller.rb:4:in `show'
Started GET "/" for 127.0.0.1 at 2021-01-10 16:07:22 -0500
Processing by UsersController#new as HTML
  Rendering layout layouts/application.html.erb
  Rendering users/new.html.erb within layouts/application
  Rendered shared/_error_messages.html.erb (Duration: 1.0ms | Allocations: 212)
  Rendered users/new.html.erb within layouts/application (Duration: 297.6ms | Allocations: 205835)
[Webpacker] Everything's up-to-date. Nothing to do
  Rendered layouts/_header.html.erb (Duration: 0.7ms | Allocations: 249)
  Rendered layouts/_footer.html.erb (Duration: 0.6ms | Allocations: 178)
  Rendered layout layouts/application.html.erb (Duration: 460.1ms | Allocations: 223804)
Completed 200 OK in 473ms (Views: 462.3ms | ActiveRecord: 0.0ms | Allocations: 227994)


Started POST "/users" for 127.0.0.1 at 2021-01-10 16:07:40 -0500
Processing by UsersController#create as HTML
  Parameters: {"authenticity_token"=>"[FILTERED]", "user"=>{"name"=>"rails", "email"=>"rails@tutorial.com", "password"=>"[FILTERED]", "password_confirmation"=>"[FILTERED]"}, "commit"=>"Create my account"}
  [1m[36mTRANSACTION (0.1ms)[0m  [1m[36mbegin transaction[0m
  ↳ app/controllers/users_controller.rb:14:in `create'
  [1m[36mUser Exists? (0.2ms)[0m  [1m[34mSELECT 1 AS one FROM "users" WHERE "users"."email" = ? LIMIT ?[0m  [["email", "rails@tutorial.com"], ["LIMIT", 1]]
  ↳ app/controllers/users_controller.rb:14:in `create'
  [1m[36mUser Create (0.4ms)[0m  [1m[32mINSERT INTO "users" ("name", "email", "created_at", "updated_at", "password_digest") VALUES (?, ?, ?, ?, ?)[0m  [["name", "rails"], ["email", "rails@tutorial.com"], ["created_at", "2021-01-10 21:07:40.954438"], ["updated_at", "2021-01-10 21:07:40.954438"], ["password_digest", "$2a$12$jI/AdBGNhIKJ9u3fjKh71.4HCyuZqkkIuk3z.dfhtrV7xKjpWSZ/K"]]
  ↳ app/controllers/users_controller.rb:14:in `create'
  [1m[36mTRANSACTION (2.4ms)[0m  [1m[36mcommit transaction[0m
  ↳ app/controllers/users_controller.rb:14:in `create'
Redirected to http://127.0.0.1:3000/users/1
Completed 302 Found in 226ms (ActiveRecord: 3.1ms | Allocations: 4478)


Started GET "/users/1" for 127.0.0.1 at 2021-01-10 16:07:40 -0500
Processing by UsersController#show as HTML
  Parameters: {"id"=>"1"}
  [1m[36mUser Load (0.2ms)[0m  [1m[34mSELECT "users".* FROM "users" WHERE "users"."id" = ? LIMIT ?[0m  [["id", 1], ["LIMIT", 1]]
  ↳ app/controllers/users_controller.rb:4:in `show'
  Rendering layout layouts/application.html.erb
  Rendering users/show.html.erb within layouts/application
  Rendered users/show.html.erb within layouts/application (Duration: 0.9ms | Allocations: 129)
[Webpacker] Everything's up-to-date. Nothing to do
  Rendered layouts/_header.html.erb (Duration: 0.2ms | Allocations: 81)
  Rendered layouts/_footer.html.erb (Duration: 0.1ms | Allocations: 57)
  Rendered layout layouts/application.html.erb (Duration: 15.7ms | Allocations: 7487)
Completed 200 OK in 20ms (Views: 16.4ms | ActiveRecord: 0.2ms | Allocations: 8630)


Started GET "/users/1" for 127.0.0.1 at 2021-01-10 16:38:57 -0500
Processing by UsersController#show as HTML
  Parameters: {"id"=>"1"}
  [1m[35m (0.1ms)[0m  [1m[34mSELECT sqlite_version(*)[0m
  ↳ app/controllers/users_controller.rb:4:in `show'
  [1m[36mUser Load (0.6ms)[0m  [1m[34mSELECT "users".* FROM "users" WHERE "users"."id" = ? LIMIT ?[0m  [["id", 1], ["LIMIT", 1]]
  ↳ app/controllers/users_controller.rb:4:in `show'
  Rendering layout layouts/application.html.erb
  Rendering users/show.html.erb within layouts/application
  Rendered users/show.html.erb within layouts/application (Duration: 0.8ms | Allocations: 136)
[Webpacker] Everything's up-to-date. Nothing to do
  Rendered layouts/_header.html.erb (Duration: 0.7ms | Allocations: 240)
  Rendered layouts/_footer.html.erb (Duration: 0.6ms | Allocations: 171)
  Rendered layout layouts/application.html.erb (Duration: 51.5ms | Allocations: 8516)
Completed 200 OK in 143ms (Views: 54.6ms | ActiveRecord: 1.1ms | Allocations: 14570)


Started GET "/users/1" for 127.0.0.1 at 2021-01-10 16:39:00 -0500
Processing by UsersController#show as HTML
  Parameters: {"id"=>"1"}
  [1m[36mUser Load (0.2ms)[0m  [1m[34mSELECT "users".* FROM "users" WHERE "users"."id" = ? LIMIT ?[0m  [["id", 1], ["LIMIT", 1]]
  ↳ app/controllers/users_controller.rb:4:in `show'
  Rendering layout layouts/application.html.erb
  Rendering users/show.html.erb within layouts/application
  Rendered users/show.html.erb within layouts/application (Duration: 0.1ms | Allocations: 41)
[Webpacker] Everything's up-to-date. Nothing to do
  Rendered layouts/_header.html.erb (Duration: 0.7ms | Allocations: 81)
  Rendered layouts/_footer.html.erb (Duration: 0.1ms | Allocations: 57)
  Rendered layout layouts/application.html.erb (Duration: 20.4ms | Allocations: 7399)
Completed 200 OK in 23ms (Views: 21.1ms | ActiveRecord: 0.2ms | Allocations: 8397)


Started GET "/users/1" for 127.0.0.1 at 2021-01-10 16:39:01 -0500
Processing by UsersController#show as HTML
  Parameters: {"id"=>"1"}
  [1m[36mUser Load (0.2ms)[0m  [1m[34mSELECT "users".* FROM "users" WHERE "users"."id" = ? LIMIT ?[0m  [["id", 1], ["LIMIT", 1]]
  ↳ app/controllers/users_controller.rb:4:in `show'
  Rendering layout layouts/application.html.erb
  Rendering users/show.html.erb within layouts/application
  Rendered users/show.html.erb within layouts/application (Duration: 0.1ms | Allocations: 41)
[Webpacker] Everything's up-to-date. Nothing to do
  Rendered layouts/_header.html.erb (Duration: 0.3ms | Allocations: 81)
  Rendered layouts/_footer.html.erb (Duration: 0.1ms | Allocations: 57)
  Rendered layout layouts/application.html.erb (Duration: 23.2ms | Allocations: 8137)
Completed 200 OK in 27ms (Views: 23.8ms | ActiveRecord: 0.2ms | Allocations: 9128)


Started GET "/users/1" for 127.0.0.1 at 2021-01-10 16:39:02 -0500
Processing by UsersController#show as HTML
  Parameters: {"id"=>"1"}
  [1m[36mUser Load (0.1ms)[0m  [1m[34mSELECT "users".* FROM "users" WHERE "users"."id" = ? LIMIT ?[0m  [["id", 1], ["LIMIT", 1]]
  ↳ app/controllers/users_controller.rb:4:in `show'
  Rendering layout layouts/application.html.erb
  Rendering users/show.html.erb within layouts/application
  Rendered users/show.html.erb within layouts/application (Duration: 0.1ms | Allocations: 41)
[Webpacker] Everything's up-to-date. Nothing to do
  Rendered layouts/_header.html.erb (Duration: 0.2ms | Allocations: 81)
  Rendered layouts/_footer.html.erb (Duration: 0.1ms | Allocations: 57)
  Rendered layout layouts/application.html.erb (Duration: 20.9ms | Allocations: 8114)
Completed 200 OK in 24ms (Views: 21.6ms | ActiveRecord: 0.1ms | Allocations: 9105)


Started GET "/users/1" for 127.0.0.1 at 2021-01-10 16:39:03 -0500
Processing by UsersController#show as HTML
  Parameters: {"id"=>"1"}
  [1m[36mUser Load (0.1ms)[0m  [1m[34mSELECT "users".* FROM "users" WHERE "users"."id" = ? LIMIT ?[0m  [["id", 1], ["LIMIT", 1]]
  ↳ app/controllers/users_controller.rb:4:in `show'
  Rendering layout layouts/application.html.erb
  Rendering users/show.html.erb within layouts/application
  Rendered users/show.html.erb within layouts/application (Duration: 0.2ms | Allocations: 41)
[Webpacker] Everything's up-to-date. Nothing to do
  Rendered layouts/_header.html.erb (Duration: 0.2ms | Allocations: 81)
  Rendered layouts/_footer.html.erb (Duration: 0.1ms | Allocations: 57)
  Rendered layout layouts/application.html.erb (Duration: 28.5ms | Allocations: 8116)
Completed 200 OK in 31ms (Views: 29.1ms | ActiveRecord: 0.1ms | Allocations: 9107)


Started GET "/users/1" for 127.0.0.1 at 2021-01-10 16:39:05 -0500
Processing by UsersController#show as HTML
  Parameters: {"id"=>"1"}
  [1m[36mUser Load (0.2ms)[0m  [1m[34mSELECT "users".* FROM "users" WHERE "users"."id" = ? LIMIT ?[0m  [["id", 1], ["LIMIT", 1]]
  ↳ app/controllers/users_controller.rb:4:in `show'
  Rendering layout layouts/application.html.erb
  Rendering users/show.html.erb within layouts/application
  Rendered users/show.html.erb within layouts/application (Duration: 0.1ms | Allocations: 41)
[Webpacker] Everything's up-to-date. Nothing to do
  Rendered layouts/_header.html.erb (Duration: 0.3ms | Allocations: 81)
  Rendered layouts/_footer.html.erb (Duration: 0.1ms | Allocations: 57)
  Rendered layout layouts/application.html.erb (Duration: 33.3ms | Allocations: 8122)
Completed 200 OK in 37ms (Views: 34.0ms | ActiveRecord: 0.2ms | Allocations: 9113)


Started GET "/" for 127.0.0.1 at 2021-01-10 16:39:09 -0500
Processing by UsersController#new as HTML
  Rendering layout layouts/application.html.erb
  Rendering users/new.html.erb within layouts/application
  Rendered shared/_error_messages.html.erb (Duration: 1.0ms | Allocations: 202)
  Rendered users/new.html.erb within layouts/application (Duration: 8.7ms | Allocations: 1641)
[Webpacker] Everything's up-to-date. Nothing to do
  Rendered layouts/_header.html.erb (Duration: 0.1ms | Allocations: 80)
  Rendered layouts/_footer.html.erb (Duration: 0.1ms | Allocations: 57)
  Rendered layout layouts/application.html.erb (Duration: 42.3ms | Allocations: 8985)
Completed 200 OK in 44ms (Views: 43.0ms | ActiveRecord: 0.0ms | Allocations: 9588)


Started GET "/" for 127.0.0.1 at 2021-01-10 16:39:11 -0500
Processing by UsersController#new as HTML
  Rendering layout layouts/application.html.erb
  Rendering users/new.html.erb within layouts/application
  Rendered shared/_error_messages.html.erb (Duration: 0.1ms | Allocations: 42)
  Rendered users/new.html.erb within layouts/application (Duration: 3.1ms | Allocations: 943)
[Webpacker] Everything's up-to-date. Nothing to do
  Rendered layouts/_header.html.erb (Duration: 0.2ms | Allocations: 80)
  Rendered layouts/_footer.html.erb (Duration: 0.2ms | Allocations: 57)
  Rendered layout layouts/application.html.erb (Duration: 36.8ms | Allocations: 9013)
Completed 200 OK in 38ms (Views: 37.6ms | ActiveRecord: 0.0ms | Allocations: 9472)


Started GET "/" for 127.0.0.1 at 2021-01-10 16:40:05 -0500
  [1m[35m (1.2ms)[0m  [1m[34mSELECT sqlite_version(*)[0m
  [1m[35m (0.4ms)[0m  [1m[34mSELECT "schema_migrations"."version" FROM "schema_migrations" ORDER BY "schema_migrations"."version" ASC[0m
Processing by UsersController#new as HTML
  Rendering layout layouts/application.html.erb
  Rendering users/new.html.erb within layouts/application
  Rendered shared/_error_messages.html.erb (Duration: 0.8ms | Allocations: 240)
  Rendered users/new.html.erb within layouts/application (Duration: 319.2ms | Allocations: 206080)
[Webpacker] Everything's up-to-date. Nothing to do
  Rendered layouts/_header.html.erb (Duration: 0.9ms | Allocations: 252)
  Rendered layouts/_footer.html.erb (Duration: 4.5ms | Allocations: 178)
  Rendered layout layouts/application.html.erb (Duration: 547.3ms | Allocations: 235638)
Completed 200 OK in 577ms (Views: 552.6ms | ActiveRecord: 1.6ms | Allocations: 243270)


Started GET "/" for 127.0.0.1 at 2021-01-10 16:40:09 -0500
Processing by UsersController#new as HTML
  Rendering layout layouts/application.html.erb
  Rendering users/new.html.erb within layouts/application
  Rendered shared/_error_messages.html.erb (Duration: 0.1ms | Allocations: 42)
  Rendered users/new.html.erb within layouts/application (Duration: 2.7ms | Allocations: 943)
[Webpacker] Everything's up-to-date. Nothing to do
  Rendered layouts/_header.html.erb (Duration: 0.6ms | Allocations: 80)
  Rendered layouts/_footer.html.erb (Duration: 0.1ms | Allocations: 57)
  Rendered layout layouts/application.html.erb (Duration: 37.3ms | Allocations: 8336)
Completed 200 OK in 39ms (Views: 38.1ms | ActiveRecord: 0.0ms | Allocations: 8809)


Started POST "/users" for 127.0.0.1 at 2021-01-10 16:40:25 -0500
Processing by UsersController#create as HTML
  Parameters: {"authenticity_token"=>"[FILTERED]", "user"=>{"name"=>"noah", "email"=>"noah@gmail.com", "password"=>"[FILTERED]", "password_confirmation"=>"[FILTERED]"}, "commit"=>"Create my account"}
  [1m[36mTRANSACTION (0.1ms)[0m  [1m[36mbegin transaction[0m
  ↳ app/controllers/users_controller.rb:14:in `create'
  [1m[36mUser Exists? (0.6ms)[0m  [1m[34mSELECT 1 AS one FROM "users" WHERE "users"."email" = ? LIMIT ?[0m  [["email", "noah@gmail.com"], ["LIMIT", 1]]
  ↳ app/controllers/users_controller.rb:14:in `create'
  [1m[36mUser Create (1.1ms)[0m  [1m[32mINSERT INTO "users" ("name", "email", "created_at", "updated_at", "password_digest") VALUES (?, ?, ?, ?, ?)[0m  [["name", "noah"], ["email", "noah@gmail.com"], ["created_at", "2021-01-10 21:40:25.946986"], ["updated_at", "2021-01-10 21:40:25.946986"], ["password_digest", "$2a$12$5G.PpVUeDUGvWnIIEM.hxet2WbxGJV8HI79LQ23k2ZYojPZFDa3au"]]
  ↳ app/controllers/users_controller.rb:14:in `create'
  [1m[36mTRANSACTION (1.3ms)[0m  [1m[36mcommit transaction[0m
  ↳ app/controllers/users_controller.rb:14:in `create'
Redirected to http://127.0.0.1:3000/users/2
Completed 302 Found in 232ms (ActiveRecord: 3.2ms | Allocations: 4992)


Started GET "/users/2" for 127.0.0.1 at 2021-01-10 16:40:25 -0500
Processing by UsersController#show as HTML
  Parameters: {"id"=>"2"}
  [1m[36mUser Load (0.3ms)[0m  [1m[34mSELECT "users".* FROM "users" WHERE "users"."id" = ? LIMIT ?[0m  [["id", 2], ["LIMIT", 1]]
  ↳ app/controllers/users_controller.rb:4:in `show'
  Rendering layout layouts/application.html.erb
  Rendering users/show.html.erb within layouts/application
  Rendered users/show.html.erb within layouts/application (Duration: 0.7ms | Allocations: 131)
[Webpacker] Everything's up-to-date. Nothing to do
  Rendered layouts/_header.html.erb (Duration: 0.1ms | Allocations: 81)
  Rendered layouts/_footer.html.erb (Duration: 0.1ms | Allocations: 57)
  Rendered layout layouts/application.html.erb (Duration: 24.9ms | Allocations: 7494)
Completed 200 OK in 30ms (Views: 25.6ms | ActiveRecord: 0.3ms | Allocations: 8856)


Started GET "/users/2" for 127.0.0.1 at 2021-01-10 16:40:33 -0500
  [1m[35m (1.1ms)[0m  [1m[34mSELECT sqlite_version(*)[0m
  [1m[35m (0.6ms)[0m  [1m[34mSELECT "schema_migrations"."version" FROM "schema_migrations" ORDER BY "schema_migrations"."version" ASC[0m
Processing by UsersController#show as HTML
  Parameters: {"id"=>"2"}
  [1m[36mUser Load (0.2ms)[0m  [1m[34mSELECT "users".* FROM "users" WHERE "users"."id" = ? LIMIT ?[0m  [["id", 2], ["LIMIT", 1]]
  ↳ app/controllers/users_controller.rb:4:in `show'
  Rendering layout layouts/application.html.erb
  Rendering users/show.html.erb within layouts/application
  Rendered users/show.html.erb within layouts/application (Duration: 1.1ms | Allocations: 319)
[Webpacker] Everything's up-to-date. Nothing to do
  Rendered layouts/_header.html.erb (Duration: 7.4ms | Allocations: 257)
  Rendered layouts/_footer.html.erb (Duration: 0.7ms | Allocations: 178)
  Rendered layout layouts/application.html.erb (Duration: 93.2ms | Allocations: 18677)
Completed 200 OK in 128ms (Views: 98.3ms | ActiveRecord: 0.7ms | Allocations: 27540)


Started GET "/users/2" for 127.0.0.1 at 2021-01-10 16:40:34 -0500
Processing by UsersController#show as HTML
  Parameters: {"id"=>"2"}
  [1m[36mUser Load (0.2ms)[0m  [1m[34mSELECT "users".* FROM "users" WHERE "users"."id" = ? LIMIT ?[0m  [["id", 2], ["LIMIT", 1]]
  ↳ app/controllers/users_controller.rb:4:in `show'
  Rendering layout layouts/application.html.erb
  Rendering users/show.html.erb within layouts/application
  Rendered users/show.html.erb within layouts/application (Duration: 0.1ms | Allocations: 41)
[Webpacker] Everything's up-to-date. Nothing to do
  Rendered layouts/_header.html.erb (Duration: 0.2ms | Allocations: 81)
  Rendered layouts/_footer.html.erb (Duration: 0.1ms | Allocations: 57)
  Rendered layout layouts/application.html.erb (Duration: 32.3ms | Allocations: 8038)
Completed 200 OK in 35ms (Views: 32.9ms | ActiveRecord: 0.2ms | Allocations: 9046)


Started GET "/users/2" for 127.0.0.1 at 2021-01-10 16:40:36 -0500
Processing by UsersController#show as HTML
  Parameters: {"id"=>"2"}
  [1m[36mUser Load (0.2ms)[0m  [1m[34mSELECT "users".* FROM "users" WHERE "users"."id" = ? LIMIT ?[0m  [["id", 2], ["LIMIT", 1]]
  ↳ app/controllers/users_controller.rb:4:in `show'
  Rendering layout layouts/application.html.erb
  Rendering users/show.html.erb within layouts/application
  Rendered users/show.html.erb within layouts/application (Duration: 0.1ms | Allocations: 41)
[Webpacker] Everything's up-to-date. Nothing to do
  Rendered layouts/_header.html.erb (Duration: 0.2ms | Allocations: 81)
  Rendered layouts/_footer.html.erb (Duration: 0.2ms | Allocations: 57)
  Rendered layout layouts/application.html.erb (Duration: 32.1ms | Allocations: 8119)
Completed 200 OK in 37ms (Views: 33.4ms | ActiveRecord: 0.2ms | Allocations: 9126)


Started GET "/users/2" for 127.0.0.1 at 2021-01-10 16:40:38 -0500
Processing by UsersController#show as HTML
  Parameters: {"id"=>"2"}
  [1m[36mUser Load (0.2ms)[0m  [1m[34mSELECT "users".* FROM "users" WHERE "users"."id" = ? LIMIT ?[0m  [["id", 2], ["LIMIT", 1]]
  ↳ app/controllers/users_controller.rb:4:in `show'
  Rendering layout layouts/application.html.erb
  Rendering users/show.html.erb within layouts/application
  Rendered users/show.html.erb within layouts/application (Duration: 0.1ms | Allocations: 41)
[Webpacker] Everything's up-to-date. Nothing to do
  Rendered layouts/_header.html.erb (Duration: 0.2ms | Allocations: 81)
  Rendered layouts/_footer.html.erb (Duration: 0.1ms | Allocations: 57)
  Rendered layout layouts/application.html.erb (Duration: 22.1ms | Allocations: 8129)
Completed 200 OK in 26ms (Views: 22.6ms | ActiveRecord: 0.2ms | Allocations: 9120)


Started GET "/users/new" for 127.0.0.1 at 2021-01-10 16:41:17 -0500
Processing by UsersController#new as HTML
  Rendering layout layouts/application.html.erb
  Rendering users/new.html.erb within layouts/application
  Rendered shared/_error_messages.html.erb (Duration: 0.1ms | Allocations: 42)
  Rendered users/new.html.erb within layouts/application (Duration: 1.9ms | Allocations: 943)
[Webpacker] Everything's up-to-date. Nothing to do
  Rendered layouts/_header.html.erb (Duration: 0.1ms | Allocations: 80)
  Rendered layouts/_footer.html.erb (Duration: 0.4ms | Allocations: 57)
  Rendered layout layouts/application.html.erb (Duration: 17.3ms | Allocations: 8287)
Completed 200 OK in 19ms (Views: 17.9ms | ActiveRecord: 0.0ms | Allocations: 8743)


Started GET "/sessionsnew" for 127.0.0.1 at 2021-01-10 16:41:27 -0500
  
ActionController::RoutingError (No route matches [GET] "/sessionsnew"):
  
Started GET "/sessions" for 127.0.0.1 at 2021-01-10 16:42:17 -0500
  
ActionController::RoutingError (No route matches [GET] "/sessions"):
  
Started GET "/" for 127.0.0.1 at 2021-01-10 16:43:07 -0500
Processing by UsersController#new as HTML
  [1m[35m (0.1ms)[0m  [1m[34mSELECT sqlite_version(*)[0m
  ↳ app/controllers/users_controller.rb:9:in `new'
  Rendering layout layouts/application.html.erb
  Rendering users/new.html.erb within layouts/application
  Rendered shared/_error_messages.html.erb (Duration: 0.9ms | Allocations: 203)
  Rendered users/new.html.erb within layouts/application (Duration: 4.7ms | Allocations: 1665)
[Webpacker] Everything's up-to-date. Nothing to do
  Rendered layouts/_header.html.erb (Duration: 0.9ms | Allocations: 236)
  Rendered layouts/_footer.html.erb (Duration: 1.0ms | Allocations: 171)
  Rendered layout layouts/application.html.erb (Duration: 32.3ms | Allocations: 12686)
Completed 200 OK in 50ms (Views: 34.0ms | ActiveRecord: 1.4ms | Allocations: 18415)


Started GET "/login" for 127.0.0.1 at 2021-01-10 16:43:13 -0500
Processing by SessionsController#new as HTML
  Rendering layout layouts/application.html.erb
  Rendering sessions/new.html.erb within layouts/application
  Rendered sessions/new.html.erb within layouts/application (Duration: 15.7ms | Allocations: 4767)
  Rendered layout layouts/application.html.erb (Duration: 16.2ms | Allocations: 4836)
Completed 500 Internal Server Error in 19ms (ActiveRecord: 0.0ms | Allocations: 5814)


  
ActionView::Template::Error (undefined local variable or method `signup_path' for #<ActionView::Base:0x0000000000af78>):
    10:             <%= f.password_field :password, class: 'form-control' %>
    11:             <%= f.submit "Log in", class: "btn btn-primary" %>
    12:         <% end %>
    13:         <p>New user? <%= link_to "Sign up now!", signup_path %></p>
    14:     </div>
    15: </div>
  
app/views/sessions/new.html.erb:13
Started GET "/login" for 127.0.0.1 at 2021-01-10 16:47:15 -0500
Processing by SessionsController#new as HTML
  Rendering layout layouts/application.html.erb
  Rendering sessions/new.html.erb within layouts/application
  Rendered sessions/new.html.erb within layouts/application (Duration: 1.0ms | Allocations: 463)
[Webpacker] Everything's up-to-date. Nothing to do
  Rendered layouts/_header.html.erb (Duration: 2.1ms | Allocations: 83)
  Rendered layouts/_footer.html.erb (Duration: 0.1ms | Allocations: 57)
  Rendered layout layouts/application.html.erb (Duration: 27.2ms | Allocations: 7970)
Completed 200 OK in 29ms (Views: 28.1ms | Allocations: 8594)


Started GET "/login" for 127.0.0.1 at 2021-01-10 16:47:23 -0500
Processing by SessionsController#new as HTML
  Rendering layout layouts/application.html.erb
  Rendering sessions/new.html.erb within layouts/application
  Rendered sessions/new.html.erb within layouts/application (Duration: 374.7ms | Allocations: 204575)
[Webpacker] Everything's up-to-date. Nothing to do
  Rendered layouts/_header.html.erb (Duration: 0.9ms | Allocations: 234)
  Rendered layouts/_footer.html.erb (Duration: 0.7ms | Allocations: 171)
  Rendered layout layouts/application.html.erb (Duration: 396.7ms | Allocations: 212926)
Completed 200 OK in 402ms (Views: 399.9ms | Allocations: 214170)


Started GET "/login" for 127.0.0.1 at 2021-01-10 16:47:24 -0500
Processing by SessionsController#new as HTML
  Rendering layout layouts/application.html.erb
  Rendering sessions/new.html.erb within layouts/application
  Rendered sessions/new.html.erb within layouts/application (Duration: 1.6ms | Allocations: 411)
[Webpacker] Everything's up-to-date. Nothing to do
  Rendered layouts/_header.html.erb (Duration: 0.2ms | Allocations: 81)
  Rendered layouts/_footer.html.erb (Duration: 0.2ms | Allocations: 57)
  Rendered layout layouts/application.html.erb (Duration: 20.1ms | Allocations: 7756)
Completed 200 OK in 22ms (Views: 20.8ms | Allocations: 8204)


Started GET "/signup" for 127.0.0.1 at 2021-01-10 16:47:27 -0500
Processing by UsersController#new as HTML
  [1m[35m (0.1ms)[0m  [1m[34mSELECT sqlite_version(*)[0m
  ↳ app/controllers/users_controller.rb:9:in `new'
  Rendering layout layouts/application.html.erb
  Rendering users/new.html.erb within layouts/application
  Rendered shared/_error_messages.html.erb (Duration: 2.1ms | Allocations: 213)
  Rendered users/new.html.erb within layouts/application (Duration: 7.5ms | Allocations: 1934)
[Webpacker] Everything's up-to-date. Nothing to do
  Rendered layouts/_header.html.erb (Duration: 0.2ms | Allocations: 85)
  Rendered layouts/_footer.html.erb (Duration: 0.2ms | Allocations: 57)
  Rendered layout layouts/application.html.erb (Duration: 33.7ms | Allocations: 9353)
Completed 200 OK in 57ms (Views: 36.2ms | ActiveRecord: 0.3ms | Allocations: 14452)


Started GET "/signup" for 127.0.0.1 at 2021-01-10 16:47:29 -0500
Processing by UsersController#new as HTML
  Rendering layout layouts/application.html.erb
  Rendering users/new.html.erb within layouts/application
  Rendered shared/_error_messages.html.erb (Duration: 0.1ms | Allocations: 42)
  Rendered users/new.html.erb within layouts/application (Duration: 2.6ms | Allocations: 943)
[Webpacker] Everything's up-to-date. Nothing to do
  Rendered layouts/_header.html.erb (Duration: 0.2ms | Allocations: 80)
  Rendered layouts/_footer.html.erb (Duration: 0.1ms | Allocations: 57)
  Rendered layout layouts/application.html.erb (Duration: 31.5ms | Allocations: 8285)
Completed 200 OK in 35ms (Views: 33.7ms | ActiveRecord: 0.0ms | Allocations: 8744)


Started GET "/signup" for 127.0.0.1 at 2021-01-10 16:47:29 -0500
Processing by UsersController#new as HTML
  Rendering layout layouts/application.html.erb
  Rendering users/new.html.erb within layouts/application
  Rendered shared/_error_messages.html.erb (Duration: 0.1ms | Allocations: 42)
  Rendered users/new.html.erb within layouts/application (Duration: 1.9ms | Allocations: 943)
[Webpacker] Everything's up-to-date. Nothing to do
  Rendered layouts/_header.html.erb (Duration: 0.2ms | Allocations: 80)
  Rendered layouts/_footer.html.erb (Duration: 0.1ms | Allocations: 57)
  Rendered layout layouts/application.html.erb (Duration: 21.4ms | Allocations: 8287)
Completed 200 OK in 23ms (Views: 21.9ms | ActiveRecord: 0.0ms | Allocations: 8756)


Started GET "/signup" for 127.0.0.1 at 2021-01-10 18:22:23 -0500
Processing by UsersController#new as HTML
  [1m[35m (0.2ms)[0m  [1m[34mSELECT sqlite_version(*)[0m
  ↳ app/controllers/users_controller.rb:9:in `new'
  Rendering layout layouts/application.html.erb
  Rendering users/new.html.erb within layouts/application
  Rendered shared/_error_messages.html.erb (Duration: 0.4ms | Allocations: 44)
  Rendered users/new.html.erb within layouts/application (Duration: 47.5ms | Allocations: 1072)
[Webpacker] Everything's up-to-date. Nothing to do
  Rendered layouts/_header.html.erb (Duration: 2.7ms | Allocations: 85)
  Rendered layouts/_footer.html.erb (Duration: 0.2ms | Allocations: 57)
  Rendered layout layouts/application.html.erb (Duration: 133.9ms | Allocations: 8451)
Completed 200 OK in 244ms (Views: 139.9ms | ActiveRecord: 7.0ms | Allocations: 13536)


  [1m[35m (0.9ms)[0m  [1m[34mSELECT sqlite_version(*)[0m
  [1m[35m (0.6ms)[0m  [1m[34mSELECT "schema_migrations"."version" FROM "schema_migrations" ORDER BY "schema_migrations"."version" ASC[0m
Migrating to AddRememberDigestToUsers (20210110232428)
  [1m[36mTRANSACTION (0.1ms)[0m  [1m[36mbegin transaction[0m
  [1m[35m (0.5ms)[0m  [1m[35mALTER TABLE "users" ADD "remember_digest" varchar[0m
  [1m[36mActiveRecord::SchemaMigration Create (0.5ms)[0m  [1m[32mINSERT INTO "schema_migrations" ("version") VALUES (?)[0m  [["version", "20210110232428"]]
  [1m[36mTRANSACTION (0.6ms)[0m  [1m[36mcommit transaction[0m
  [1m[36mActiveRecord::InternalMetadata Load (0.6ms)[0m  [1m[34mSELECT "ar_internal_metadata".* FROM "ar_internal_metadata" WHERE "ar_internal_metadata"."key" = ? LIMIT ?[0m  [["key", "environment"], ["LIMIT", 1]]
  [1m[35m (0.1ms)[0m  [1m[34mSELECT sqlite_version(*)[0m
  [1m[35m (0.1ms)[0m  [1m[34mSELECT "schema_migrations"."version" FROM "schema_migrations" ORDER BY "schema_migrations"."version" ASC[0m
Started GET "/signup" for 127.0.0.1 at 2021-01-10 18:50:49 -0500
  [1m[35m (0.1ms)[0m  [1m[34mSELECT sqlite_version(*)[0m
  [1m[35m (0.2ms)[0m  [1m[34mSELECT "schema_migrations"."version" FROM "schema_migrations" ORDER BY "schema_migrations"."version" ASC[0m
Processing by UsersController#new as HTML
  Rendering layout layouts/application.html.erb
  Rendering users/new.html.erb within layouts/application
  Rendered shared/_error_messages.html.erb (Duration: 0.3ms | Allocations: 44)
  Rendered users/new.html.erb within layouts/application (Duration: 5.9ms | Allocations: 1073)
[Webpacker] Everything's up-to-date. Nothing to do
  Rendered layouts/_header.html.erb (Duration: 0.2ms | Allocations: 85)
  Rendered layouts/_footer.html.erb (Duration: 0.1ms | Allocations: 57)
  Rendered layout layouts/application.html.erb (Duration: 49.9ms | Allocations: 8593)
Completed 200 OK in 67ms (Views: 54.7ms | ActiveRecord: 0.0ms | Allocations: 12757)


Started POST "/users" for 127.0.0.1 at 2021-01-10 18:51:08 -0500
Processing by UsersController#create as HTML
  Parameters: {"authenticity_token"=>"[FILTERED]", "user"=>{"name"=>"noah", "email"=>"noah.povis@gmail.com", "password"=>"[FILTERED]", "password_confirmation"=>"[FILTERED]"}, "commit"=>"Create my account"}
  [1m[36mTRANSACTION (0.1ms)[0m  [1m[36mbegin transaction[0m
  ↳ app/controllers/users_controller.rb:14:in `create'
  [1m[36mUser Exists? (0.2ms)[0m  [1m[34mSELECT 1 AS one FROM "users" WHERE "users"."email" = ? LIMIT ?[0m  [["email", "noah.povis@gmail.com"], ["LIMIT", 1]]
  ↳ app/controllers/users_controller.rb:14:in `create'
  [1m[36mTRANSACTION (0.1ms)[0m  [1m[31mrollback transaction[0m
  ↳ app/controllers/users_controller.rb:14:in `create'
  Rendering layout layouts/application.html.erb
  Rendering users/new.html.erb within layouts/application
  Rendered shared/_error_messages.html.erb (Duration: 1.5ms | Allocations: 566)
  Rendered users/new.html.erb within layouts/application (Duration: 17.5ms | Allocations: 2036)
[Webpacker] Everything's up-to-date. Nothing to do
  Rendered layouts/_header.html.erb (Duration: 0.2ms | Allocations: 80)
  Rendered layouts/_footer.html.erb (Duration: 0.1ms | Allocations: 57)
  Rendered layout layouts/application.html.erb (Duration: 97.4ms | Allocations: 9359)
Completed 200 OK in 331ms (Views: 98.0ms | ActiveRecord: 0.4ms | Allocations: 13416)


Started POST "/users" for 127.0.0.1 at 2021-01-10 18:51:17 -0500
Processing by UsersController#create as HTML
  Parameters: {"authenticity_token"=>"[FILTERED]", "user"=>{"name"=>"noah", "email"=>"noah.povis@gmail.com", "password"=>"[FILTERED]", "password_confirmation"=>"[FILTERED]"}, "commit"=>"Create my account"}
  [1m[36mTRANSACTION (0.1ms)[0m  [1m[36mbegin transaction[0m
  ↳ app/controllers/users_controller.rb:14:in `create'
  [1m[36mUser Exists? (0.2ms)[0m  [1m[34mSELECT 1 AS one FROM "users" WHERE "users"."email" = ? LIMIT ?[0m  [["email", "noah.povis@gmail.com"], ["LIMIT", 1]]
  ↳ app/controllers/users_controller.rb:14:in `create'
  [1m[36mUser Create (0.4ms)[0m  [1m[32mINSERT INTO "users" ("name", "email", "created_at", "updated_at", "password_digest") VALUES (?, ?, ?, ?, ?)[0m  [["name", "noah"], ["email", "noah.povis@gmail.com"], ["created_at", "2021-01-10 23:51:17.329653"], ["updated_at", "2021-01-10 23:51:17.329653"], ["password_digest", "$2a$12$Oe30/pWbEBuOqGGsQ6YzluIPtrOKjNnuhtTkthosO7RRb/5nYvdby"]]
  ↳ app/controllers/users_controller.rb:14:in `create'
  [1m[36mTRANSACTION (4.6ms)[0m  [1m[36mcommit transaction[0m
  ↳ app/controllers/users_controller.rb:14:in `create'
Redirected to http://127.0.0.1:3000/users/3
Completed 302 Found in 255ms (ActiveRecord: 5.2ms | Allocations: 3876)


Started GET "/users/3" for 127.0.0.1 at 2021-01-10 18:51:17 -0500
Processing by UsersController#show as HTML
  Parameters: {"id"=>"3"}
  [1m[36mUser Load (0.2ms)[0m  [1m[34mSELECT "users".* FROM "users" WHERE "users"."id" = ? LIMIT ?[0m  [["id", 3], ["LIMIT", 1]]
  ↳ app/controllers/users_controller.rb:4:in `show'
  Rendering layout layouts/application.html.erb
  Rendering users/show.html.erb within layouts/application
  Rendered users/show.html.erb within layouts/application (Duration: 1.2ms | Allocations: 130)
[Webpacker] Everything's up-to-date. Nothing to do
  Rendered layouts/_header.html.erb (Duration: 0.1ms | Allocations: 81)
  Rendered layouts/_footer.html.erb (Duration: 0.1ms | Allocations: 57)
  Rendered layout layouts/application.html.erb (Duration: 23.8ms | Allocations: 7497)
Completed 200 OK in 33ms (Views: 24.3ms | ActiveRecord: 0.2ms | Allocations: 8768)


Started GET "/users/3" for 127.0.0.1 at 2021-01-10 18:51:21 -0500
Processing by UsersController#show as HTML
  Parameters: {"id"=>"3"}
  [1m[36mUser Load (0.2ms)[0m  [1m[34mSELECT "users".* FROM "users" WHERE "users"."id" = ? LIMIT ?[0m  [["id", 3], ["LIMIT", 1]]
  ↳ app/controllers/users_controller.rb:4:in `show'
  Rendering layout layouts/application.html.erb
  Rendering users/show.html.erb within layouts/application
  Rendered users/show.html.erb within layouts/application (Duration: 0.1ms | Allocations: 41)
[Webpacker] Everything's up-to-date. Nothing to do
  Rendered layouts/_header.html.erb (Duration: 0.5ms | Allocations: 81)
  Rendered layouts/_footer.html.erb (Duration: 0.2ms | Allocations: 57)
  Rendered layout layouts/application.html.erb (Duration: 67.7ms | Allocations: 8137)
Completed 200 OK in 71ms (Views: 68.2ms | ActiveRecord: 0.2ms | Allocations: 9128)


Started GET "/users/3" for 127.0.0.1 at 2021-01-10 18:51:23 -0500
Processing by UsersController#show as HTML
  Parameters: {"id"=>"3"}
  [1m[36mUser Load (0.2ms)[0m  [1m[34mSELECT "users".* FROM "users" WHERE "users"."id" = ? LIMIT ?[0m  [["id", 3], ["LIMIT", 1]]
  ↳ app/controllers/users_controller.rb:4:in `show'
  Rendering layout layouts/application.html.erb
  Rendering users/show.html.erb within layouts/application
  Rendered users/show.html.erb within layouts/application (Duration: 0.1ms | Allocations: 41)
[Webpacker] Everything's up-to-date. Nothing to do
  Rendered layouts/_header.html.erb (Duration: 0.2ms | Allocations: 81)
  Rendered layouts/_footer.html.erb (Duration: 0.2ms | Allocations: 57)
  Rendered layout layouts/application.html.erb (Duration: 24.3ms | Allocations: 7399)
Completed 200 OK in 28ms (Views: 25.5ms | ActiveRecord: 0.2ms | Allocations: 8397)


Started GET "/users/3" for 127.0.0.1 at 2021-01-10 18:51:23 -0500
Processing by UsersController#show as HTML
  Parameters: {"id"=>"3"}
  [1m[36mUser Load (0.2ms)[0m  [1m[34mSELECT "users".* FROM "users" WHERE "users"."id" = ? LIMIT ?[0m  [["id", 3], ["LIMIT", 1]]
  ↳ app/controllers/users_controller.rb:4:in `show'
  Rendering layout layouts/application.html.erb
  Rendering users/show.html.erb within layouts/application
  Rendered users/show.html.erb within layouts/application (Duration: 0.1ms | Allocations: 41)
[Webpacker] Everything's up-to-date. Nothing to do
  Rendered layouts/_header.html.erb (Duration: 0.2ms | Allocations: 81)
  Rendered layouts/_footer.html.erb (Duration: 0.1ms | Allocations: 57)
  Rendered layout layouts/application.html.erb (Duration: 19.0ms | Allocations: 7399)
Completed 200 OK in 22ms (Views: 19.7ms | ActiveRecord: 0.2ms | Allocations: 8402)


Started GET "/users/3" for 127.0.0.1 at 2021-01-10 18:51:24 -0500
Processing by UsersController#show as HTML
  Parameters: {"id"=>"3"}
  [1m[36mUser Load (0.1ms)[0m  [1m[34mSELECT "users".* FROM "users" WHERE "users"."id" = ? LIMIT ?[0m  [["id", 3], ["LIMIT", 1]]
  ↳ app/controllers/users_controller.rb:4:in `show'
  Rendering layout layouts/application.html.erb
  Rendering users/show.html.erb within layouts/application
  Rendered users/show.html.erb within layouts/application (Duration: 0.1ms | Allocations: 41)
[Webpacker] Everything's up-to-date. Nothing to do
  Rendered layouts/_header.html.erb (Duration: 0.2ms | Allocations: 81)
  Rendered layouts/_footer.html.erb (Duration: 0.1ms | Allocations: 57)
  Rendered layout layouts/application.html.erb (Duration: 30.5ms | Allocations: 7400)
Completed 200 OK in 36ms (Views: 31.1ms | ActiveRecord: 0.1ms | Allocations: 8392)


